[master 1dcb63b] 2023-07-05 16:29:23
 3 files changed, 3 insertions(+)
   M  logs/gc.log.15
   M  logs/opensearch-dev.log
   M  logs/opensearch-dev_server.json
   
현재 브랜치 master
커밋하도록 정하지 않은 변경 사항:
    M other_info.txt
    M plain_info.txt
    M update_info.txt
   
 M other_info.txt
 M plain_info.txt
    M other_info.txt
    M plain_info.txt
    M update_info.txt
   
 M other_info.txt
 M plain_info.txt
    M other_info.txt
    M plain_info.txt
    M update_info.txt
   
[master 4f72b16] 2023-07-05 16:33:33
 2 files changed, 2 insertions(+)
   M  logs/opensearch-dev.log
   M  logs/opensearch-dev_server.json
    M other_info.txt
    M plain_info.txt
    M update_info.txt
   
[master 9161b6f] 2023-07-05 16:44:26
 5 files changed, 62 insertions(+)
   M  logs/gc.log.15
   M  logs/opensearch-dev.log
   M  logs/opensearch-dev_deprecation.json
   M  logs/opensearch-dev_deprecation.log
   M  logs/opensearch-dev_server.json
    D other_info.txt
    D plain_info.txt
    D update_info.txt
   
현재 브랜치 master
커밋할 사항 없음 (추적하지 않는 파일을 보려면 -u 옵션을 사용하십시오)
   
[master 0dd9b49] 2023-07-05 16:55:43
 3 files changed, 38 insertions(+)
   M  logs/gc.log.15
   M  logs/opensearch-dev.log
   M  logs/opensearch-dev_server.json
   
[master 12d515f] 2023-07-05 16:58:36
 2 files changed, 2 insertions(+)
   M  logs/opensearch-dev.log
   M  logs/opensearch-dev_server.json
   
[master 433d50a] 2023-07-05 17:19:22
 3 files changed, 93 insertions(+)
   M  logs/gc.log.15
   M  logs/opensearch-dev.log
   M  logs/opensearch-dev_server.json
   
[master 7af70a5] 2023-07-05 17:23:37
 2 files changed, 2 insertions(+)
   M  logs/opensearch-dev.log
   M  logs/opensearch-dev_server.json
   
[master e7cd009] 2023-07-05 17:36:27
 3 files changed, 67 insertions(+)
   M  logs/gc.log.15
   M  logs/opensearch-dev.log
   M  logs/opensearch-dev_server.json
   
[master b30cc05] 2023-07-05 17:39:32
 2 files changed, 2 insertions(+)
   M  logs/opensearch-dev.log
   M  logs/opensearch-dev_server.json
   
[master 0161fdb] 2023-07-05 17:48:15
 1 file changed, 1 insertion(+)
   M  logs/gc.log.15
   
