WARNING: A terminally deprecated method in java.lang.System has been called
WARNING: System::setSecurityManager has been called by org.opensearch.bootstrap.OpenSearch (file:/home/opensearch/opensearch/opensearch-2.8.0/lib/opensearch-2.8.0.jar)
WARNING: Please consider reporting this to the maintainers of org.opensearch.bootstrap.OpenSearch
WARNING: System::setSecurityManager will be removed in a future release
WARNING: A terminally deprecated method in java.lang.System has been called
WARNING: System::setSecurityManager has been called by org.opensearch.bootstrap.Security (file:/home/opensearch/opensearch/opensearch-2.8.0/lib/opensearch-2.8.0.jar)
WARNING: Please consider reporting this to the maintainers of org.opensearch.bootstrap.Security
WARNING: System::setSecurityManager will be removed in a future release
[2023-07-07T08:02:51,161][INFO ][o.o.n.Node               ] [node-1] version[2.8.0], pid[29442], build[tar/db90a415ff2fd428b4f7b3f800a51dc229287cb4/2023-06-03T06:24:25.112415503Z], OS[Linux/3.10.0-1160.90.1.el7.x86_64/amd64], JVM[Eclipse Adoptium/OpenJDK 64-Bit Server VM/17.0.7/17.0.7+7]
[2023-07-07T08:02:51,164][INFO ][o.o.n.Node               ] [node-1] JVM home [/home/opensearch/opensearch/opensearch-2.8.0/jdk], using bundled JDK [true]
[2023-07-07T08:02:51,164][INFO ][o.o.n.Node               ] [node-1] JVM arguments [-Xshare:auto, -Dopensearch.networkaddress.cache.ttl=60, -Dopensearch.networkaddress.cache.negative.ttl=10, -XX:+AlwaysPreTouch, -Xss1m, -Djava.awt.headless=true, -Dfile.encoding=UTF-8, -Djna.nosys=true, -XX:-OmitStackTraceInFastThrow, -XX:+ShowCodeDetailsInExceptionMessages, -Dio.netty.noUnsafe=true, -Dio.netty.noKeySetOptimization=true, -Dio.netty.recycler.maxCapacityPerThread=0, -Dio.netty.allocator.numDirectArenas=0, -Dlog4j.shutdownHookEnabled=false, -Dlog4j2.disable.jmx=true, -Djava.locale.providers=SPI,COMPAT, -Xms1g, -Xmx1g, -XX:+UseG1GC, -XX:G1ReservePercent=25, -XX:InitiatingHeapOccupancyPercent=30, -Djava.io.tmpdir=/tmp/opensearch-13994269488804664230, -XX:+HeapDumpOnOutOfMemoryError, -XX:HeapDumpPath=data, -XX:ErrorFile=logs/hs_err_pid%p.log, -Xlog:gc*,gc+age=trace,safepoint:file=logs/gc.log:utctime,pid,tags:filecount=32,filesize=64m, -XX:MaxDirectMemorySize=536870912, -Dopensearch.path.home=/home/opensearch/opensearch/opensearch-2.8.0, -Dopensearch.path.conf=/home/opensearch/opensearch/opensearch-2.8.0/config, -Dopensearch.distribution.type=tar, -Dopensearch.bundled_jdk=true]
[2023-07-07T08:02:52,079][INFO ][o.o.s.s.t.SSLConfig      ] [node-1] SSL dual mode is disabled
[2023-07-07T08:02:52,079][INFO ][o.o.s.OpenSearchSecurityPlugin] [node-1] OpenSearch Config path is /home/opensearch/opensearch/opensearch-2.8.0/config
[2023-07-07T08:02:52,305][INFO ][o.o.s.s.DefaultSecurityKeyStore] [node-1] JVM supports TLSv1.3
[2023-07-07T08:02:52,306][INFO ][o.o.s.s.DefaultSecurityKeyStore] [node-1] Config directory is /home/opensearch/opensearch/opensearch-2.8.0/config/, from there the key- and truststore files are resolved relatively
[2023-07-07T08:02:52,724][INFO ][o.o.s.s.DefaultSecurityKeyStore] [node-1] TLS Transport Client Provider : JDK
[2023-07-07T08:02:52,724][INFO ][o.o.s.s.DefaultSecurityKeyStore] [node-1] TLS Transport Server Provider : JDK
[2023-07-07T08:02:52,724][INFO ][o.o.s.s.DefaultSecurityKeyStore] [node-1] TLS HTTP Provider             : JDK
[2023-07-07T08:02:52,725][INFO ][o.o.s.s.DefaultSecurityKeyStore] [node-1] Enabled TLS protocols for transport layer : [TLSv1.3, TLSv1.2]
[2023-07-07T08:02:52,725][INFO ][o.o.s.s.DefaultSecurityKeyStore] [node-1] Enabled TLS protocols for HTTP layer      : [TLSv1.3, TLSv1.2]
[2023-07-07T08:02:52,733][INFO ][o.o.s.OpenSearchSecurityPlugin] [node-1] Clustername: opensearch-dev
[2023-07-07T08:02:52,738][WARN ][o.o.s.OpenSearchSecurityPlugin] [node-1] Directory /home/opensearch/opensearch/opensearch-2.8.0/config has insecure file permissions (should be 0700)
[2023-07-07T08:02:52,739][WARN ][o.o.s.OpenSearchSecurityPlugin] [node-1] Directory /home/opensearch/opensearch/opensearch-2.8.0/config/naver_news has insecure file permissions (should be 0700)
[2023-07-07T08:02:52,739][WARN ][o.o.s.OpenSearchSecurityPlugin] [node-1] File /home/opensearch/opensearch/opensearch-2.8.0/config/naver_news/stop_dic1.txt has insecure file permissions (should be 0600)
[2023-07-07T08:02:52,739][WARN ][o.o.s.OpenSearchSecurityPlugin] [node-1] File /home/opensearch/opensearch/opensearch-2.8.0/config/naver_news/synonym1.txt has insecure file permissions (should be 0600)
[2023-07-07T08:02:52,739][WARN ][o.o.s.OpenSearchSecurityPlugin] [node-1] File /home/opensearch/opensearch/opensearch-2.8.0/config/naver_news/user_dict1.txt has insecure file permissions (should be 0600)
[2023-07-07T08:02:53,229][INFO ][o.o.p.c.c.PluginSettings ] [node-1] Config: metricsLocation: /dev/shm/performanceanalyzer/, metricsDeletionInterval: 1, httpsEnabled: false, cleanup-metrics-db-files: true, batch-metrics-retention-period-minutes: 7, rpc-port: 9650, webservice-port 9600
[2023-07-07T08:02:53,684][INFO ][o.o.i.r.ReindexPlugin    ] [node-1] ReindexPlugin reloadSPI called
[2023-07-07T08:02:53,685][INFO ][o.o.i.r.ReindexPlugin    ] [node-1] Unable to find any implementation for RemoteReindexExtension
[2023-07-07T08:02:53,715][INFO ][o.o.j.JobSchedulerPlugin ] [node-1] Loaded scheduler extension: opendistro_anomaly_detector, index: .opendistro-anomaly-detector-jobs
[2023-07-07T08:02:53,739][INFO ][o.o.j.JobSchedulerPlugin ] [node-1] Loaded scheduler extension: reports-scheduler, index: .opendistro-reports-definitions
[2023-07-07T08:02:53,741][INFO ][o.o.j.JobSchedulerPlugin ] [node-1] Loaded scheduler extension: opendistro-index-management, index: .opendistro-ism-config
[2023-07-07T08:02:53,764][INFO ][o.o.j.JobSchedulerPlugin ] [node-1] Loaded scheduler extension: observability, index: .opensearch-observability-job
[2023-07-07T08:02:53,769][INFO ][o.o.p.PluginsService     ] [node-1] loaded module [aggs-matrix-stats]
[2023-07-07T08:02:53,769][INFO ][o.o.p.PluginsService     ] [node-1] loaded module [analysis-common]
[2023-07-07T08:02:53,770][INFO ][o.o.p.PluginsService     ] [node-1] loaded module [geo]
[2023-07-07T08:02:53,770][INFO ][o.o.p.PluginsService     ] [node-1] loaded module [ingest-common]
[2023-07-07T08:02:53,770][INFO ][o.o.p.PluginsService     ] [node-1] loaded module [ingest-geoip]
[2023-07-07T08:02:53,770][INFO ][o.o.p.PluginsService     ] [node-1] loaded module [ingest-user-agent]
[2023-07-07T08:02:53,770][INFO ][o.o.p.PluginsService     ] [node-1] loaded module [lang-expression]
[2023-07-07T08:02:53,770][INFO ][o.o.p.PluginsService     ] [node-1] loaded module [lang-mustache]
[2023-07-07T08:02:53,771][INFO ][o.o.p.PluginsService     ] [node-1] loaded module [lang-painless]
[2023-07-07T08:02:53,771][INFO ][o.o.p.PluginsService     ] [node-1] loaded module [mapper-extras]
[2023-07-07T08:02:53,771][INFO ][o.o.p.PluginsService     ] [node-1] loaded module [opensearch-dashboards]
[2023-07-07T08:02:53,771][INFO ][o.o.p.PluginsService     ] [node-1] loaded module [parent-join]
[2023-07-07T08:02:53,771][INFO ][o.o.p.PluginsService     ] [node-1] loaded module [percolator]
[2023-07-07T08:02:53,771][INFO ][o.o.p.PluginsService     ] [node-1] loaded module [rank-eval]
[2023-07-07T08:02:53,772][INFO ][o.o.p.PluginsService     ] [node-1] loaded module [reindex]
[2023-07-07T08:02:53,772][INFO ][o.o.p.PluginsService     ] [node-1] loaded module [repository-url]
[2023-07-07T08:02:53,772][INFO ][o.o.p.PluginsService     ] [node-1] loaded module [search-pipeline-common]
[2023-07-07T08:02:53,772][INFO ][o.o.p.PluginsService     ] [node-1] loaded module [systemd]
[2023-07-07T08:02:53,772][INFO ][o.o.p.PluginsService     ] [node-1] loaded module [transport-netty4]
[2023-07-07T08:02:53,773][INFO ][o.o.p.PluginsService     ] [node-1] loaded plugin [analysis-icu]
[2023-07-07T08:02:53,773][INFO ][o.o.p.PluginsService     ] [node-1] loaded plugin [analysis-nori]
[2023-07-07T08:02:53,773][INFO ][o.o.p.PluginsService     ] [node-1] loaded plugin [opensearch-alerting]
[2023-07-07T08:02:53,773][INFO ][o.o.p.PluginsService     ] [node-1] loaded plugin [opensearch-anomaly-detection]
[2023-07-07T08:02:53,773][INFO ][o.o.p.PluginsService     ] [node-1] loaded plugin [opensearch-asynchronous-search]
[2023-07-07T08:02:53,774][INFO ][o.o.p.PluginsService     ] [node-1] loaded plugin [opensearch-cross-cluster-replication]
[2023-07-07T08:02:53,774][INFO ][o.o.p.PluginsService     ] [node-1] loaded plugin [opensearch-geospatial]
[2023-07-07T08:02:53,774][INFO ][o.o.p.PluginsService     ] [node-1] loaded plugin [opensearch-index-management]
[2023-07-07T08:02:53,774][INFO ][o.o.p.PluginsService     ] [node-1] loaded plugin [opensearch-job-scheduler]
[2023-07-07T08:02:53,774][INFO ][o.o.p.PluginsService     ] [node-1] loaded plugin [opensearch-knn]
[2023-07-07T08:02:53,774][INFO ][o.o.p.PluginsService     ] [node-1] loaded plugin [opensearch-ml]
[2023-07-07T08:02:53,774][INFO ][o.o.p.PluginsService     ] [node-1] loaded plugin [opensearch-neural-search]
[2023-07-07T08:02:53,775][INFO ][o.o.p.PluginsService     ] [node-1] loaded plugin [opensearch-notifications]
[2023-07-07T08:02:53,775][INFO ][o.o.p.PluginsService     ] [node-1] loaded plugin [opensearch-notifications-core]
[2023-07-07T08:02:53,775][INFO ][o.o.p.PluginsService     ] [node-1] loaded plugin [opensearch-observability]
[2023-07-07T08:02:53,775][INFO ][o.o.p.PluginsService     ] [node-1] loaded plugin [opensearch-performance-analyzer]
[2023-07-07T08:02:53,775][INFO ][o.o.p.PluginsService     ] [node-1] loaded plugin [opensearch-reports-scheduler]
[2023-07-07T08:02:53,775][INFO ][o.o.p.PluginsService     ] [node-1] loaded plugin [opensearch-security]
[2023-07-07T08:02:53,776][INFO ][o.o.p.PluginsService     ] [node-1] loaded plugin [opensearch-security-analytics]
[2023-07-07T08:02:53,776][INFO ][o.o.p.PluginsService     ] [node-1] loaded plugin [opensearch-sql]
[2023-07-07T08:02:53,810][INFO ][o.o.s.OpenSearchSecurityPlugin] [node-1] Disabled https compression by default to mitigate BREACH attacks. You can enable it by setting 'http.compression: true' in opensearch.yml
[2023-07-07T08:02:53,814][INFO ][o.o.e.ExtensionsManager  ] [node-1] ExtensionsManager initialized
[2023-07-07T08:02:53,834][INFO ][o.o.e.NodeEnvironment    ] [node-1] using [1] data paths, mounts [[/home (/dev/mapper/centos-home)]], net usable_space [95.9gb], net total_space [173.7gb], types [xfs]
[2023-07-07T08:02:53,835][INFO ][o.o.e.NodeEnvironment    ] [node-1] heap size [1gb], compressed ordinary object pointers [true]
[2023-07-07T08:02:53,874][INFO ][o.o.n.Node               ] [node-1] node name [node-1], node ID [yn1VcXvdTjKaEyr64uPuSw], cluster name [opensearch-dev], roles [ingest, remote_cluster_client, data, cluster_manager]
[2023-07-07T08:02:56,370][WARN ][o.o.s.c.Salt             ] [node-1] If you plan to use field masking pls configure compliance salt e1ukloTsQlOgPquJ to be a random string of 16 chars length identical on all nodes
[2023-07-07T08:02:56,409][INFO ][o.o.s.a.i.AuditLogImpl   ] [node-1] Message routing enabled: true
[2023-07-07T08:02:56,439][INFO ][o.o.s.f.SecurityFilter   ] [node-1] <NONE> indices are made immutable.
[2023-07-07T08:02:56,683][INFO ][o.o.a.b.ADCircuitBreakerService] [node-1] Registered memory breaker.
[2023-07-07T08:02:56,973][INFO ][o.o.m.b.MLCircuitBreakerService] [node-1] Registered ML memory breaker.
[2023-07-07T08:02:56,974][INFO ][o.o.m.b.MLCircuitBreakerService] [node-1] Registered ML disk breaker.
[2023-07-07T08:02:56,974][INFO ][o.o.m.b.MLCircuitBreakerService] [node-1] Registered ML native memory breaker.
[2023-07-07T08:02:57,048][INFO ][o.r.Reflections          ] [node-1] Reflections took 29 ms to scan 1 urls, producing 15 keys and 37 values 
[2023-07-07T08:02:57,592][INFO ][o.o.t.NettyAllocator     ] [node-1] creating NettyAllocator with the following configs: [name=unpooled, suggested_max_allocation_size=256kb, factors={opensearch.unsafe.use_unpooled_allocator=null, g1gc_enabled=true, g1gc_region_size=1mb, heap_size=1gb}]
[2023-07-07T08:02:57,658][INFO ][o.o.d.DiscoveryModule    ] [node-1] using discovery type [zen] and seed hosts providers [settings]
[2023-07-07T08:02:57,994][WARN ][o.o.g.DanglingIndicesState] [node-1] gateway.auto_import_dangling_indices is disabled, dangling indices will not be automatically detected or imported and must be managed manually
[2023-07-07T08:02:58,365][INFO ][o.o.p.h.c.PerformanceAnalyzerConfigAction] [node-1] PerformanceAnalyzer Enabled: false
[2023-07-07T08:02:58,395][INFO ][o.o.n.Node               ] [node-1] initialized
[2023-07-07T08:02:58,395][INFO ][o.o.n.Node               ] [node-1] starting ...
[2023-07-07T08:02:58,552][ERROR][o.o.b.OpenSearchUncaughtExceptionHandler] [node-1] uncaught exception in thread [main]
org.opensearch.bootstrap.StartupException: BindTransportException[Failed to bind to 0.0.0.0:8300]; nested: BindException[주소가 이미 사용 중입니다];
	at org.opensearch.bootstrap.OpenSearch.init(OpenSearch.java:184) ~[opensearch-2.8.0.jar:2.8.0]
	at org.opensearch.bootstrap.OpenSearch.execute(OpenSearch.java:171) ~[opensearch-2.8.0.jar:2.8.0]
	at org.opensearch.cli.EnvironmentAwareCommand.execute(EnvironmentAwareCommand.java:104) ~[opensearch-2.8.0.jar:2.8.0]
	at org.opensearch.cli.Command.mainWithoutErrorHandling(Command.java:138) ~[opensearch-cli-2.8.0.jar:2.8.0]
	at org.opensearch.cli.Command.main(Command.java:101) ~[opensearch-cli-2.8.0.jar:2.8.0]
	at org.opensearch.bootstrap.OpenSearch.main(OpenSearch.java:137) ~[opensearch-2.8.0.jar:2.8.0]
	at org.opensearch.bootstrap.OpenSearch.main(OpenSearch.java:103) ~[opensearch-2.8.0.jar:2.8.0]
Caused by: org.opensearch.transport.BindTransportException: Failed to bind to 0.0.0.0:8300
	at org.opensearch.transport.TcpTransport.bindToPort(TcpTransport.java:468) ~[opensearch-2.8.0.jar:2.8.0]
	at org.opensearch.transport.TcpTransport.bindServer(TcpTransport.java:432) ~[opensearch-2.8.0.jar:2.8.0]
	at org.opensearch.transport.netty4.Netty4Transport.doStart(Netty4Transport.java:163) ~[?:?]
	at org.opensearch.common.component.AbstractLifecycleComponent.start(AbstractLifecycleComponent.java:77) ~[opensearch-2.8.0.jar:2.8.0]
	at org.opensearch.transport.TransportService.doStart(TransportService.java:283) ~[opensearch-2.8.0.jar:2.8.0]
	at org.opensearch.common.component.AbstractLifecycleComponent.start(AbstractLifecycleComponent.java:77) ~[opensearch-2.8.0.jar:2.8.0]
	at org.opensearch.node.Node.start(Node.java:1247) ~[opensearch-2.8.0.jar:2.8.0]
	at org.opensearch.bootstrap.Bootstrap.start(Bootstrap.java:339) ~[opensearch-2.8.0.jar:2.8.0]
	at org.opensearch.bootstrap.Bootstrap.init(Bootstrap.java:413) ~[opensearch-2.8.0.jar:2.8.0]
	at org.opensearch.bootstrap.OpenSearch.init(OpenSearch.java:180) ~[opensearch-2.8.0.jar:2.8.0]
	... 6 more
Caused by: java.net.BindException: 주소가 이미 사용 중입니다
	at sun.nio.ch.Net.bind0(Native Method) ~[?:?]
	at sun.nio.ch.Net.bind(Net.java:555) ~[?:?]
	at sun.nio.ch.ServerSocketChannelImpl.netBind(ServerSocketChannelImpl.java:337) ~[?:?]
	at sun.nio.ch.ServerSocketChannelImpl.bind(ServerSocketChannelImpl.java:294) ~[?:?]
	at io.netty.channel.socket.nio.NioServerSocketChannel.doBind(NioServerSocketChannel.java:141) ~[?:?]
	at io.netty.channel.AbstractChannel$AbstractUnsafe.bind(AbstractChannel.java:562) ~[?:?]
	at io.netty.channel.DefaultChannelPipeline$HeadContext.bind(DefaultChannelPipeline.java:1334) ~[?:?]
	at io.netty.channel.AbstractChannelHandlerContext.invokeBind(AbstractChannelHandlerContext.java:600) ~[?:?]
	at io.netty.channel.AbstractChannelHandlerContext.bind(AbstractChannelHandlerContext.java:579) ~[?:?]
	at io.netty.channel.DefaultChannelPipeline.bind(DefaultChannelPipeline.java:973) ~[?:?]
	at io.netty.channel.AbstractChannel.bind(AbstractChannel.java:260) ~[?:?]
	at io.netty.bootstrap.AbstractBootstrap$2.run(AbstractBootstrap.java:356) ~[?:?]
	at io.netty.util.concurrent.AbstractEventExecutor.runTask(AbstractEventExecutor.java:174) ~[?:?]
	at io.netty.util.concurrent.AbstractEventExecutor.safeExecute(AbstractEventExecutor.java:167) ~[?:?]
	at io.netty.util.concurrent.SingleThreadEventExecutor.runAllTasks(SingleThreadEventExecutor.java:470) ~[?:?]
	at io.netty.channel.nio.NioEventLoop.run(NioEventLoop.java:569) ~[?:?]
	at io.netty.util.concurrent.SingleThreadEventExecutor$4.run(SingleThreadEventExecutor.java:997) ~[?:?]
	at io.netty.util.internal.ThreadExecutorMap$2.run(ThreadExecutorMap.java:74) ~[?:?]
	at java.lang.Thread.run(Thread.java:833) [?:?]
uncaught exception in thread [main]
BindTransportException[Failed to bind to 0.0.0.0:8300]; nested: BindException[주소가 이미 사용 중입니다];
Likely root cause: java.net.BindException: 주소가 이미 사용 중입니다
	at java.base/sun.nio.ch.Net.bind0(Native Method)
	at java.base/sun.nio.ch.Net.bind(Net.java:555)
	at java.base/sun.nio.ch.ServerSocketChannelImpl.netBind(ServerSocketChannelImpl.java:337)
	at java.base/sun.nio.ch.ServerSocketChannelImpl.bind(ServerSocketChannelImpl.java:294)
	at io.netty.channel.socket.nio.NioServerSocketChannel.doBind(NioServerSocketChannel.java:141)
	at io.netty.channel.AbstractChannel$AbstractUnsafe.bind(AbstractChannel.java:562)
	at io.netty.channel.DefaultChannelPipeline$HeadContext.bind(DefaultChannelPipeline.java:1334)
	at io.netty.channel.AbstractChannelHandlerContext.invokeBind(AbstractChannelHandlerContext.java:600)
	at io.netty.channel.AbstractChannelHandlerContext.bind(AbstractChannelHandlerContext.java:579)
	at io.netty.channel.DefaultChannelPipeline.bind(DefaultChannelPipeline.java:973)
	at io.netty.channel.AbstractChannel.bind(AbstractChannel.java:260)
	at io.netty.bootstrap.AbstractBootstrap$2.run(AbstractBootstrap.java:356)
	at io.netty.util.concurrent.AbstractEventExecutor.runTask(AbstractEventExecutor.java:174)
	at io.netty.util.concurrent.AbstractEventExecutor.safeExecute(AbstractEventExecutor.java:167)
	at io.netty.util.concurrent.SingleThreadEventExecutor.runAllTasks(SingleThreadEventExecutor.java:470)
	at io.netty.channel.nio.NioEventLoop.run(NioEventLoop.java:569)
	at io.netty.util.concurrent.SingleThreadEventExecutor$4.run(SingleThreadEventExecutor.java:997)
	at io.netty.util.internal.ThreadExecutorMap$2.run(ThreadExecutorMap.java:74)
	at java.base/java.lang.Thread.run(Thread.java:833)
For complete error details, refer to the log at /home/opensearch/opensearch/opensearch-2.8.0/logs/opensearch-dev.log
