[master 10ffe4f] 2023-07-05 18:23:24
 1 file changed, 32 insertions(+)
   M  logs/gc.log.15
   
[master eb0a907] 2023-07-05 18:28:34
 3 files changed, 36 insertions(+)
   M  logs/gc.log.15
   M  logs/opensearch-dev.log
   M  logs/opensearch-dev_server.json
   
[master a2a91d2] 2023-07-05 18:48:02
 3 files changed, 40 insertions(+)
   M  logs/gc.log.15
   M  logs/opensearch-dev.log
   M  logs/opensearch-dev_server.json
   
[master 6c30c50] 2023-07-05 18:49:01
 3 files changed, 3 insertions(+)
   M  logs/gc.log.15
   M  logs/opensearch-dev.log
   M  logs/opensearch-dev_server.json
   
[master 73b5f54] 2023-07-05 18:54:01
 3 files changed, 40 insertions(+)
   M  logs/gc.log.15
   M  logs/opensearch-dev.log
   M  logs/opensearch-dev_server.json
   
[master 92cbca4] 2023-07-05 18:55:01
 1 file changed, 1 insertion(+)
   M  logs/gc.log.15
   
[master 3204e88] 2023-07-05 18:56:01
 1 file changed, 1 insertion(+)
   M  logs/gc.log.15
   
[master 32a2a30] 2023-07-05 18:59:01
 2 files changed, 2 insertions(+)
   M  logs/opensearch-dev.log
   M  logs/opensearch-dev_server.json
   
[master 1d40dc7] 2023-07-05 19:04:02
 3 files changed, 3 insertions(+)
   M  logs/gc.log.15
   M  logs/opensearch-dev.log
   M  logs/opensearch-dev_server.json
   
[master 03150a1] 2023-07-05 19:10:01
 2 files changed, 2 insertions(+)
   M  logs/opensearch-dev.log
   M  logs/opensearch-dev_server.json
   
[master 5627413] 2023-07-05 19:15:01
 2 files changed, 2 insertions(+)
   M  logs/opensearch-dev.log
   M  logs/opensearch-dev_server.json
   
[master 6181161] 2023-07-05 19:20:01
 2 files changed, 2 insertions(+)
   M  logs/opensearch-dev.log
   M  logs/opensearch-dev_server.json
   
[master 10a5fe9] 2023-07-05 19:25:01
 2 files changed, 2 insertions(+)
   M  logs/opensearch-dev.log
   M  logs/opensearch-dev_server.json
   
[master 7a48be2] 2023-07-05 19:30:01
 2 files changed, 2 insertions(+)
   M  logs/opensearch-dev.log
   M  logs/opensearch-dev_server.json
   
[master 7d7c045] 2023-07-05 19:35:01
 2 files changed, 2 insertions(+)
   M  logs/opensearch-dev.log
   M  logs/opensearch-dev_server.json
   
[master 38f415d] 2023-07-05 19:40:01
 3 files changed, 59 insertions(+)
   M  logs/gc.log.15
   M  logs/opensearch-dev.log
   M  logs/opensearch-dev_server.json
   
[master aea5a87] 2023-07-05 19:45:01
 2 files changed, 2 insertions(+)
   M  logs/opensearch-dev.log
   M  logs/opensearch-dev_server.json
   
[master d316da9] 2023-07-05 19:50:01
 2 files changed, 2 insertions(+)
   M  logs/opensearch-dev.log
   M  logs/opensearch-dev_server.json
   
[master 904de6b] 2023-07-05 19:55:01
 2 files changed, 8 insertions(+)
   M  logs/opensearch-dev.log
   M  logs/opensearch-dev_server.json
   
[master fdd59f0] 2023-07-05 20:00:01
 2 files changed, 2 insertions(+)
   M  logs/opensearch-dev.log
   M  logs/opensearch-dev_server.json
   
[master b213d05] 2023-07-05 20:05:01
 2 files changed, 2 insertions(+)
   M  logs/opensearch-dev.log
   M  logs/opensearch-dev_server.json
   
[master bb03768] 2023-07-05 20:10:01
 2 files changed, 2 insertions(+)
   M  logs/opensearch-dev.log
   M  logs/opensearch-dev_server.json
   
[master ad62290] 2023-07-05 20:15:01
 3 files changed, 3 insertions(+)
   M  logs/gc.log.15
   M  logs/opensearch-dev.log
   M  logs/opensearch-dev_server.json
   
[master b9b8a13] 2023-07-05 20:20:01
 2 files changed, 2 insertions(+)
   M  logs/opensearch-dev.log
   M  logs/opensearch-dev_server.json
   
[master 37e8cf6] 2023-07-05 20:25:01
 2 files changed, 2 insertions(+)
   M  logs/opensearch-dev.log
   M  logs/opensearch-dev_server.json
   
[master 8e4b316] 2023-07-05 20:30:01
 2 files changed, 2 insertions(+)
   M  logs/opensearch-dev.log
   M  logs/opensearch-dev_server.json
   
[master 96d3623] 2023-07-05 20:35:01
 2 files changed, 2 insertions(+)
   M  logs/opensearch-dev.log
   M  logs/opensearch-dev_server.json
   
[master 30a96c4] 2023-07-05 20:40:01
 2 files changed, 2 insertions(+)
   M  logs/opensearch-dev.log
   M  logs/opensearch-dev_server.json
   
[master 35fbf95] 2023-07-05 20:45:01
 3 files changed, 34 insertions(+)
   M  logs/gc.log.15
   M  logs/opensearch-dev.log
   M  logs/opensearch-dev_server.json
   
[master b80f1ea] 2023-07-05 20:50:01
 3 files changed, 36 insertions(+)
   M  logs/gc.log.15
   M  logs/opensearch-dev.log
   M  logs/opensearch-dev_server.json
   
[master ffe89dc] 2023-07-05 20:55:01
 2 files changed, 8 insertions(+)
   M  logs/opensearch-dev.log
   M  logs/opensearch-dev_server.json
   
[master 3a45856] 2023-07-05 21:00:01
 2 files changed, 2 insertions(+)
   M  logs/opensearch-dev.log
   M  logs/opensearch-dev_server.json
   
[master f9d028c] 2023-07-05 21:05:01
 2 files changed, 2 insertions(+)
   M  logs/opensearch-dev.log
   M  logs/opensearch-dev_server.json
   
[master 96e0ce6] 2023-07-05 21:10:01
 2 files changed, 2 insertions(+)
   M  logs/opensearch-dev.log
   M  logs/opensearch-dev_server.json
   
[master cbecd12] 2023-07-05 21:15:01
 2 files changed, 2 insertions(+)
   M  logs/opensearch-dev.log
   M  logs/opensearch-dev_server.json
   
[master 1eaa963] 2023-07-05 21:20:01
 2 files changed, 2 insertions(+)
   M  logs/opensearch-dev.log
   M  logs/opensearch-dev_server.json
   
[master 5c90848] 2023-07-05 21:25:01
 2 files changed, 2 insertions(+)
   M  logs/opensearch-dev.log
   M  logs/opensearch-dev_server.json
   
[master 0c6ea94] 2023-07-05 21:30:01
 2 files changed, 2 insertions(+)
   M  logs/opensearch-dev.log
   M  logs/opensearch-dev_server.json
   
[master f7b12c1] 2023-07-05 21:35:01
 2 files changed, 2 insertions(+)
   M  logs/opensearch-dev.log
   M  logs/opensearch-dev_server.json
   
[master fab8b43] 2023-07-05 21:40:01
 2 files changed, 2 insertions(+)
   M  logs/opensearch-dev.log
   M  logs/opensearch-dev_server.json
   
[master ff48342] 2023-07-05 21:45:01
 2 files changed, 2 insertions(+)
   M  logs/opensearch-dev.log
   M  logs/opensearch-dev_server.json
   
[master 928045f] 2023-07-05 21:50:01
 2 files changed, 2 insertions(+)
   M  logs/opensearch-dev.log
   M  logs/opensearch-dev_server.json
   
[master 7d5ffcc] 2023-07-05 21:55:01
 3 files changed, 38 insertions(+)
   M  logs/gc.log.15
   M  logs/opensearch-dev.log
   M  logs/opensearch-dev_server.json
   
[master 597dc25] 2023-07-05 22:00:01
 2 files changed, 2 insertions(+)
   M  logs/opensearch-dev.log
   M  logs/opensearch-dev_server.json
   
[master efce1f9] 2023-07-05 22:05:01
 3 files changed, 3 insertions(+)
   M  logs/gc.log.15
   M  logs/opensearch-dev.log
   M  logs/opensearch-dev_server.json
   
[master 45f360a] 2023-07-05 22:10:01
 2 files changed, 2 insertions(+)
   M  logs/opensearch-dev.log
   M  logs/opensearch-dev_server.json
   
[master 47cbb96] 2023-07-05 22:15:01
 3 files changed, 3 insertions(+)
   M  logs/gc.log.15
   M  logs/opensearch-dev.log
   M  logs/opensearch-dev_server.json
   
[master bceba05] 2023-07-05 22:20:01
 2 files changed, 2 insertions(+)
   M  logs/opensearch-dev.log
   M  logs/opensearch-dev_server.json
   
[master 0b13886] 2023-07-05 22:25:01
 2 files changed, 2 insertions(+)
   M  logs/opensearch-dev.log
   M  logs/opensearch-dev_server.json
   
[master 8a77538] 2023-07-05 22:30:02
 2 files changed, 2 insertions(+)
   M  logs/opensearch-dev.log
   M  logs/opensearch-dev_server.json
   
[master b7c6a34] 2023-07-05 22:35:01
 2 files changed, 2 insertions(+)
   M  logs/opensearch-dev.log
   M  logs/opensearch-dev_server.json
   
[master 84a4508] 2023-07-05 22:40:01
 2 files changed, 2 insertions(+)
   M  logs/opensearch-dev.log
   M  logs/opensearch-dev_server.json
   
[master 879e28a] 2023-07-05 22:45:01
 2 files changed, 2 insertions(+)
   M  logs/opensearch-dev.log
   M  logs/opensearch-dev_server.json
   
[master dc19499] 2023-07-05 22:50:01
 2 files changed, 2 insertions(+)
   M  logs/opensearch-dev.log
   M  logs/opensearch-dev_server.json
   
[master 1ab812c] 2023-07-05 22:55:01
 2 files changed, 10 insertions(+)
   M  logs/opensearch-dev.log
   M  logs/opensearch-dev_server.json
   
[master cbcbbde] 2023-07-05 23:00:01
 3 files changed, 33 insertions(+)
   M  logs/gc.log.15
   M  logs/opensearch-dev.log
   M  logs/opensearch-dev_server.json
   
[master 08b7289] 2023-07-05 23:05:01
 2 files changed, 2 insertions(+)
   M  logs/opensearch-dev.log
   M  logs/opensearch-dev_server.json
   
[master f18f6d1] 2023-07-05 23:10:01
 2 files changed, 2 insertions(+)
   M  logs/opensearch-dev.log
   M  logs/opensearch-dev_server.json
   
[master 858ea86] 2023-07-05 23:15:01
 2 files changed, 2 insertions(+)
   M  logs/opensearch-dev.log
   M  logs/opensearch-dev_server.json
   
[master 7a6e9c9] 2023-07-05 23:20:01
 2 files changed, 2 insertions(+)
   M  logs/opensearch-dev.log
   M  logs/opensearch-dev_server.json
   
[master cca1982] 2023-07-05 23:25:01
 2 files changed, 2 insertions(+)
   M  logs/opensearch-dev.log
   M  logs/opensearch-dev_server.json
   
[master 87f355a] 2023-07-05 23:30:01
 2 files changed, 2 insertions(+)
   M  logs/opensearch-dev.log
   M  logs/opensearch-dev_server.json
   
[master 6a4d61d] 2023-07-05 23:35:01
 2 files changed, 2 insertions(+)
   M  logs/opensearch-dev.log
   M  logs/opensearch-dev_server.json
   
[master a3106ef] 2023-07-05 23:40:01
 2 files changed, 2 insertions(+)
   M  logs/opensearch-dev.log
   M  logs/opensearch-dev_server.json
   
[master 4933b19] 2023-07-05 23:45:01
 2 files changed, 2 insertions(+)
   M  logs/opensearch-dev.log
   M  logs/opensearch-dev_server.json
   
[master 7012ee2] 2023-07-05 23:50:02
 2 files changed, 2 insertions(+)
   M  logs/opensearch-dev.log
   M  logs/opensearch-dev_server.json
   
[master 44d850e] 2023-07-05 23:55:01
 2 files changed, 8 insertions(+)
   M  logs/opensearch-dev.log
   M  logs/opensearch-dev_server.json
   
[master 1b19ecd] 2023-07-06 00:00:01
 2 files changed, 2 insertions(+)
   M  logs/opensearch-dev.log
   M  logs/opensearch-dev_server.json
   
[master add637d] 2023-07-06 00:05:01
 3 files changed, 59 insertions(+), 1478 deletions(-)
   M  logs/gc.log.15
   M  logs/opensearch-dev.log
   M  logs/opensearch-dev_server.json
   
[master 9d55e01] 2023-07-06 00:10:01
 2 files changed, 2 insertions(+)
   M  logs/opensearch-dev.log
   M  logs/opensearch-dev_server.json
   
[master a217a78] 2023-07-06 00:15:01
 2 files changed, 2 insertions(+)
   M  logs/opensearch-dev.log
   M  logs/opensearch-dev_server.json
   
[master 3f4fa8e] 2023-07-06 00:20:01
 2 files changed, 2 insertions(+)
   M  logs/opensearch-dev.log
   M  logs/opensearch-dev_server.json
   
[master 9d2ad74] 2023-07-06 00:25:01
 2 files changed, 2 insertions(+)
   M  logs/opensearch-dev.log
   M  logs/opensearch-dev_server.json
   
[master 33bbddb] 2023-07-06 00:30:01
 2 files changed, 2 insertions(+)
   M  logs/opensearch-dev.log
   M  logs/opensearch-dev_server.json
   
[master 913909c] 2023-07-06 00:35:02
 2 files changed, 2 insertions(+)
   M  logs/opensearch-dev.log
   M  logs/opensearch-dev_server.json
   
[master 2cc8d09] 2023-07-06 00:40:01
 2 files changed, 2 insertions(+)
   M  logs/opensearch-dev.log
   M  logs/opensearch-dev_server.json
   
[master f53ae0b] 2023-07-06 00:45:01
 2 files changed, 2 insertions(+)
   M  logs/opensearch-dev.log
   M  logs/opensearch-dev_server.json
   
[master 23468a5] 2023-07-06 00:50:01
 2 files changed, 2 insertions(+)
   M  logs/opensearch-dev.log
   M  logs/opensearch-dev_server.json
   
[master 2ce234a] 2023-07-06 00:55:01
 3 files changed, 9 insertions(+)
   M  logs/gc.log.15
   M  logs/opensearch-dev.log
   M  logs/opensearch-dev_server.json
   
[master ce904fc] 2023-07-06 01:00:01
 2 files changed, 2 insertions(+)
   M  logs/opensearch-dev.log
   M  logs/opensearch-dev_server.json
   
[master ff34fed] 2023-07-06 01:05:01
 3 files changed, 3 insertions(+)
   M  logs/gc.log.15
   M  logs/opensearch-dev.log
   M  logs/opensearch-dev_server.json
   
[master 385ac17] 2023-07-06 01:10:01
 3 files changed, 33 insertions(+)
   M  logs/gc.log.15
   M  logs/opensearch-dev.log
   M  logs/opensearch-dev_server.json
   
[master a8b707a] 2023-07-06 01:15:01
 3 files changed, 33 insertions(+)
   M  logs/gc.log.15
   M  logs/opensearch-dev.log
   M  logs/opensearch-dev_server.json
   
[master 2314a57] 2023-07-06 01:20:01
 2 files changed, 2 insertions(+)
   M  logs/opensearch-dev.log
   M  logs/opensearch-dev_server.json
   
[master 4f5ef0a] 2023-07-06 01:25:01
 2 files changed, 2 insertions(+)
   M  logs/opensearch-dev.log
   M  logs/opensearch-dev_server.json
   
[master 720fa4b] 2023-07-06 01:30:02
 2 files changed, 2 insertions(+)
   M  logs/opensearch-dev.log
   M  logs/opensearch-dev_server.json
   
[master 45c6c03] 2023-07-06 01:35:01
 2 files changed, 2 insertions(+)
   M  logs/opensearch-dev.log
   M  logs/opensearch-dev_server.json
   
[master 7c32a91] 2023-07-06 01:40:01
 2 files changed, 2 insertions(+)
   M  logs/opensearch-dev.log
   M  logs/opensearch-dev_server.json
   
[master 48a4226] 2023-07-06 01:45:01
 2 files changed, 2 insertions(+)
   M  logs/opensearch-dev.log
   M  logs/opensearch-dev_server.json
   
[master c27e5a0] 2023-07-06 01:50:01
 2 files changed, 2 insertions(+)
   M  logs/opensearch-dev.log
   M  logs/opensearch-dev_server.json
   
[master ea40ff6] 2023-07-06 01:55:01
 2 files changed, 8 insertions(+)
   M  logs/opensearch-dev.log
   M  logs/opensearch-dev_server.json
   
[master ab77449] 2023-07-06 02:00:01
 2 files changed, 2 insertions(+)
   M  logs/opensearch-dev.log
   M  logs/opensearch-dev_server.json
   
[master 62d4626] 2023-07-06 02:05:01
 2 files changed, 2 insertions(+)
   M  logs/opensearch-dev.log
   M  logs/opensearch-dev_server.json
   
[master d049299] 2023-07-06 02:10:01
 2 files changed, 2 insertions(+)
   M  logs/opensearch-dev.log
   M  logs/opensearch-dev_server.json
   
[master d836380] 2023-07-06 02:15:01
 2 files changed, 2 insertions(+)
   M  logs/opensearch-dev.log
   M  logs/opensearch-dev_server.json
   
[master c4ffeea] 2023-07-06 02:20:01
 3 files changed, 31 insertions(+)
   M  logs/gc.log.15
   M  logs/opensearch-dev.log
   M  logs/opensearch-dev_server.json
   
[master c2fed59] 2023-07-06 02:25:01
 2 files changed, 2 insertions(+)
   M  logs/opensearch-dev.log
   M  logs/opensearch-dev_server.json
   
[master 070f67f] 2023-07-06 02:30:01
 2 files changed, 2 insertions(+)
   M  logs/opensearch-dev.log
   M  logs/opensearch-dev_server.json
   
[master 5b31dfb] 2023-07-06 02:35:02
 2 files changed, 2 insertions(+)
   M  logs/opensearch-dev.log
   M  logs/opensearch-dev_server.json
   
[master a567fdf] 2023-07-06 02:40:01
 2 files changed, 2 insertions(+)
   M  logs/opensearch-dev.log
   M  logs/opensearch-dev_server.json
   
[master fd91355] 2023-07-06 02:45:01
 2 files changed, 2 insertions(+)
   M  logs/opensearch-dev.log
   M  logs/opensearch-dev_server.json
   
[master 0c20e68] 2023-07-06 02:50:01
 2 files changed, 2 insertions(+)
   M  logs/opensearch-dev.log
   M  logs/opensearch-dev_server.json
   
[master 396530c] 2023-07-06 02:55:02
 3 files changed, 25 insertions(+)
   M  logs/gc.log.15
   M  logs/opensearch-dev.log
   M  logs/opensearch-dev_server.json
   
[master 6a5bc0d] 2023-07-06 03:00:01
 2 files changed, 2 insertions(+)
   M  logs/opensearch-dev.log
   M  logs/opensearch-dev_server.json
   
[master 66c66d8] 2023-07-06 03:05:01
 2 files changed, 2 insertions(+)
   M  logs/opensearch-dev.log
   M  logs/opensearch-dev_server.json
   
[master 08f9205] 2023-07-06 03:10:01
 2 files changed, 2 insertions(+)
   M  logs/opensearch-dev.log
   M  logs/opensearch-dev_server.json
   
[master ab27551] 2023-07-06 03:15:01
 2 files changed, 2 insertions(+)
   M  logs/opensearch-dev.log
   M  logs/opensearch-dev_server.json
   
[master 11357b8] 2023-07-06 03:20:01
 2 files changed, 2 insertions(+)
   M  logs/opensearch-dev.log
   M  logs/opensearch-dev_server.json
   
[master 8d94b94] 2023-07-06 03:25:01
 3 files changed, 31 insertions(+)
   M  logs/gc.log.15
   M  logs/opensearch-dev.log
   M  logs/opensearch-dev_server.json
   
[master d49da49] 2023-07-06 03:30:01
 2 files changed, 2 insertions(+)
   M  logs/opensearch-dev.log
   M  logs/opensearch-dev_server.json
   
[master 2c7b598] 2023-07-06 03:35:01
 2 files changed, 2 insertions(+)
   M  logs/opensearch-dev.log
   M  logs/opensearch-dev_server.json
   
[master 00b9822] 2023-07-06 03:40:01
 2 files changed, 2 insertions(+)
   M  logs/opensearch-dev.log
   M  logs/opensearch-dev_server.json
   
[master 356100f] 2023-07-06 03:45:01
 2 files changed, 2 insertions(+)
   M  logs/opensearch-dev.log
   M  logs/opensearch-dev_server.json
   
[master 707b645] 2023-07-06 03:50:01
 2 files changed, 2 insertions(+)
   M  logs/opensearch-dev.log
   M  logs/opensearch-dev_server.json
   
[master 3212f25] 2023-07-06 03:55:01
 2 files changed, 8 insertions(+)
   M  logs/opensearch-dev.log
   M  logs/opensearch-dev_server.json
   
[master 566dabc] 2023-07-06 04:00:01
 2 files changed, 2 insertions(+)
   M  logs/opensearch-dev.log
   M  logs/opensearch-dev_server.json
   
[master b6a5b5d] 2023-07-06 04:05:01
 2 files changed, 2 insertions(+)
   M  logs/opensearch-dev.log
   M  logs/opensearch-dev_server.json
   
[master a1e6112] 2023-07-06 04:10:01
 2 files changed, 2 insertions(+)
   M  logs/opensearch-dev.log
   M  logs/opensearch-dev_server.json
   
[master dd47985] 2023-07-06 04:15:01
 2 files changed, 2 insertions(+)
   M  logs/opensearch-dev.log
   M  logs/opensearch-dev_server.json
   
[master 8402c28] 2023-07-06 04:20:01
 2 files changed, 2 insertions(+)
   M  logs/opensearch-dev.log
   M  logs/opensearch-dev_server.json
   
[master 11f3b5f] 2023-07-06 04:25:02
 2 files changed, 2 insertions(+)
   M  logs/opensearch-dev.log
   M  logs/opensearch-dev_server.json
   
[master cce8d8a] 2023-07-06 04:30:01
 3 files changed, 55 insertions(+)
   M  logs/gc.log.15
   M  logs/opensearch-dev.log
   M  logs/opensearch-dev_server.json
   
[master ec72355] 2023-07-06 04:35:02
 2 files changed, 2 insertions(+)
   M  logs/opensearch-dev.log
   M  logs/opensearch-dev_server.json
   
[master 658552e] 2023-07-06 04:40:01
 2 files changed, 2 insertions(+)
   M  logs/opensearch-dev.log
   M  logs/opensearch-dev_server.json
   
[master d9c3663] 2023-07-06 04:45:01
 2 files changed, 2 insertions(+)
   M  logs/opensearch-dev.log
   M  logs/opensearch-dev_server.json
   
[master 2c2a94a] 2023-07-06 04:50:01
 2 files changed, 2 insertions(+)
   M  logs/opensearch-dev.log
   M  logs/opensearch-dev_server.json
   
[master 0f8722f] 2023-07-06 04:55:01
 2 files changed, 8 insertions(+)
   M  logs/opensearch-dev.log
   M  logs/opensearch-dev_server.json
   
[master 7d6c557] 2023-07-06 05:00:01
 2 files changed, 2 insertions(+)
   M  logs/opensearch-dev.log
   M  logs/opensearch-dev_server.json
   
[master c4c1ec3] 2023-07-06 05:05:01
 2 files changed, 2 insertions(+)
   M  logs/opensearch-dev.log
   M  logs/opensearch-dev_server.json
   
[master 5df3f06] 2023-07-06 05:10:01
 2 files changed, 2 insertions(+)
   M  logs/opensearch-dev.log
   M  logs/opensearch-dev_server.json
   
[master b5b5975] 2023-07-06 05:15:02
 2 files changed, 2 insertions(+)
   M  logs/opensearch-dev.log
   M  logs/opensearch-dev_server.json
   
[master d9ba441] 2023-07-06 05:20:01
 2 files changed, 2 insertions(+)
   M  logs/opensearch-dev.log
   M  logs/opensearch-dev_server.json
   
[master 63d08d9] 2023-07-06 05:25:02
 2 files changed, 2 insertions(+)
   M  logs/opensearch-dev.log
   M  logs/opensearch-dev_server.json
   
[master 66a6463] 2023-07-06 05:30:01
 2 files changed, 2 insertions(+)
   M  logs/opensearch-dev.log
   M  logs/opensearch-dev_server.json
   
[master bb18728] 2023-07-06 05:35:01
 3 files changed, 30 insertions(+)
   M  logs/gc.log.15
   M  logs/opensearch-dev.log
   M  logs/opensearch-dev_server.json
   
[master 17330d2] 2023-07-06 05:40:01
 3 files changed, 31 insertions(+)
   M  logs/gc.log.15
   M  logs/opensearch-dev.log
   M  logs/opensearch-dev_server.json
   
[master 18fd0d8] 2023-07-06 05:45:01
 2 files changed, 2 insertions(+)
   M  logs/opensearch-dev.log
   M  logs/opensearch-dev_server.json
   
[master 476a01a] 2023-07-06 05:50:01
 2 files changed, 2 insertions(+)
   M  logs/opensearch-dev.log
   M  logs/opensearch-dev_server.json
   
[master 6d277fa] 2023-07-06 05:55:01
 2 files changed, 8 insertions(+)
   M  logs/opensearch-dev.log
   M  logs/opensearch-dev_server.json
   
[master 589d9e7] 2023-07-06 06:00:01
 2 files changed, 2 insertions(+)
   M  logs/opensearch-dev.log
   M  logs/opensearch-dev_server.json
   
[master 333917d] 2023-07-06 06:05:01
 2 files changed, 2 insertions(+)
   M  logs/opensearch-dev.log
   M  logs/opensearch-dev_server.json
   
[master cfac173] 2023-07-06 06:10:01
 2 files changed, 2 insertions(+)
   M  logs/opensearch-dev.log
   M  logs/opensearch-dev_server.json
   
[master 32fe23d] 2023-07-06 06:15:02
 2 files changed, 2 insertions(+)
   M  logs/opensearch-dev.log
   M  logs/opensearch-dev_server.json
   
[master 512ccf5] 2023-07-06 06:20:01
 2 files changed, 2 insertions(+)
   M  logs/opensearch-dev.log
   M  logs/opensearch-dev_server.json
   
[master 8f12b1a] 2023-07-06 06:25:01
 2 files changed, 2 insertions(+)
   M  logs/opensearch-dev.log
   M  logs/opensearch-dev_server.json
   
[master 253e64c] 2023-07-06 06:30:01
 2 files changed, 2 insertions(+)
   M  logs/opensearch-dev.log
   M  logs/opensearch-dev_server.json
   
[master a946cc3] 2023-07-06 06:35:01
 2 files changed, 2 insertions(+)
   M  logs/opensearch-dev.log
   M  logs/opensearch-dev_server.json
   
[master 41f6692] 2023-07-06 06:40:02
 2 files changed, 2 insertions(+)
   M  logs/opensearch-dev.log
   M  logs/opensearch-dev_server.json
   
[master 3216689] 2023-07-06 06:45:01
 3 files changed, 30 insertions(+)
   M  logs/gc.log.15
   M  logs/opensearch-dev.log
   M  logs/opensearch-dev_server.json
   
[master 3cf32fd] 2023-07-06 06:50:01
 2 files changed, 2 insertions(+)
   M  logs/opensearch-dev.log
   M  logs/opensearch-dev_server.json
   
[master 82e494d] 2023-07-06 06:55:01
 2 files changed, 10 insertions(+)
   M  logs/opensearch-dev.log
   M  logs/opensearch-dev_server.json
   
[master d81a12b] 2023-07-06 07:00:01
 2 files changed, 2 insertions(+)
   M  logs/opensearch-dev.log
   M  logs/opensearch-dev_server.json
   
[master d362ff1] 2023-07-06 07:05:01
 2 files changed, 2 insertions(+)
   M  logs/opensearch-dev.log
   M  logs/opensearch-dev_server.json
   
[master bfe1951] 2023-07-06 07:10:01
 2 files changed, 2 insertions(+)
   M  logs/opensearch-dev.log
   M  logs/opensearch-dev_server.json
   
[master 425550b] 2023-07-06 07:15:01
 2 files changed, 2 insertions(+)
   M  logs/opensearch-dev.log
   M  logs/opensearch-dev_server.json
   
[master eb477a0] 2023-07-06 07:20:01
 2 files changed, 2 insertions(+)
   M  logs/opensearch-dev.log
   M  logs/opensearch-dev_server.json
   
[master b816860] 2023-07-06 07:25:01
 2 files changed, 2 insertions(+)
   M  logs/opensearch-dev.log
   M  logs/opensearch-dev_server.json
   
[master 8e3c8b6] 2023-07-06 07:30:01
 2 files changed, 2 insertions(+)
   M  logs/opensearch-dev.log
   M  logs/opensearch-dev_server.json
   
[master 729c6e9] 2023-07-06 07:35:01
 2 files changed, 2 insertions(+)
   M  logs/opensearch-dev.log
   M  logs/opensearch-dev_server.json
   
[master e6c3219] 2023-07-06 07:40:02
 2 files changed, 2 insertions(+)
   M  logs/opensearch-dev.log
   M  logs/opensearch-dev_server.json
   
[master 1de9fac] 2023-07-06 07:45:01
 2 files changed, 2 insertions(+)
   M  logs/opensearch-dev.log
   M  logs/opensearch-dev_server.json
   
[master 1d790f7] 2023-07-06 07:50:01
 3 files changed, 29 insertions(+)
   M  logs/gc.log.15
   M  logs/opensearch-dev.log
   M  logs/opensearch-dev_server.json
   
[master 0b498fa] 2023-07-06 07:55:01
 2 files changed, 8 insertions(+)
   M  logs/opensearch-dev.log
   M  logs/opensearch-dev_server.json
   
[master d2ce0a0] 2023-07-06 08:00:01
 2 files changed, 2 insertions(+)
   M  logs/opensearch-dev.log
   M  logs/opensearch-dev_server.json
   
[master 6ca3871] 2023-07-06 08:05:01
 2 files changed, 2 insertions(+)
   M  logs/opensearch-dev.log
   M  logs/opensearch-dev_server.json
   
[master e74337e] 2023-07-06 08:10:01
 2 files changed, 2 insertions(+)
   M  logs/opensearch-dev.log
   M  logs/opensearch-dev_server.json
   
[master 4448c36] 2023-07-06 08:15:01
 2 files changed, 2 insertions(+)
   M  logs/opensearch-dev.log
   M  logs/opensearch-dev_server.json
   
[master 090091c] 2023-07-06 08:20:01
 2 files changed, 2 insertions(+)
   M  logs/opensearch-dev.log
   M  logs/opensearch-dev_server.json
   
[master 994dd95] 2023-07-06 08:25:01
 2 files changed, 2 insertions(+)
   M  logs/opensearch-dev.log
   M  logs/opensearch-dev_server.json
   
[master 02768a1] 2023-07-06 08:30:01
 2 files changed, 2 insertions(+)
   M  logs/opensearch-dev.log
   M  logs/opensearch-dev_server.json
   
[master d9ded1b] 2023-07-06 08:35:01
 2 files changed, 2 insertions(+)
   M  logs/opensearch-dev.log
   M  logs/opensearch-dev_server.json
   
[master 89fd43d] 2023-07-06 08:40:01
 2 files changed, 2 insertions(+)
   M  logs/opensearch-dev.log
   M  logs/opensearch-dev_server.json
   
[master 8de9654] 2023-07-06 08:45:01
 2 files changed, 2 insertions(+)
   M  logs/opensearch-dev.log
   M  logs/opensearch-dev_server.json
   
[master 50e93cf] 2023-07-06 08:50:01
 2 files changed, 2 insertions(+)
   M  logs/opensearch-dev.log
   M  logs/opensearch-dev_server.json
   
[master 0d6c5b6] 2023-07-06 08:55:01
 3 files changed, 60 insertions(+)
   M  logs/gc.log.15
   M  logs/opensearch-dev.log
   M  logs/opensearch-dev_server.json
   
[master 83fd3c3] 2023-07-06 09:00:01
 2 files changed, 2 insertions(+)
   M  logs/opensearch-dev.log
   M  logs/opensearch-dev_server.json
   
[master 55f7ce9] 2023-07-06 09:05:01
 2 files changed, 2 insertions(+)
   M  logs/opensearch-dev.log
   M  logs/opensearch-dev_server.json
   
[master c9482f4] 2023-07-06 09:10:01
 2 files changed, 2 insertions(+)
   M  logs/opensearch-dev.log
   M  logs/opensearch-dev_server.json
   
[master 365cefb] 2023-07-06 09:15:01
 2 files changed, 2 insertions(+)
   M  logs/opensearch-dev.log
   M  logs/opensearch-dev_server.json
   
[master cce881c] 2023-07-06 09:20:01
 2 files changed, 2 insertions(+)
   M  logs/opensearch-dev.log
   M  logs/opensearch-dev_server.json
   
[master 4b36218] 2023-07-06 09:25:01
 2 files changed, 2 insertions(+)
   M  logs/opensearch-dev.log
   M  logs/opensearch-dev_server.json
   
[master 0e1ed97] 2023-07-06 09:30:01
 2 files changed, 2 insertions(+)
   M  logs/opensearch-dev.log
   M  logs/opensearch-dev_server.json
   
[master db646e7] 2023-07-06 09:35:01
 2 files changed, 2 insertions(+)
   M  logs/opensearch-dev.log
   M  logs/opensearch-dev_server.json
   
[master 24284ed] 2023-07-06 09:40:01
 2 files changed, 2 insertions(+)
   M  logs/opensearch-dev.log
   M  logs/opensearch-dev_server.json
   
[master 1f38fe3] 2023-07-06 09:45:01
 3 files changed, 3 insertions(+)
   M  logs/gc.log.15
   M  logs/opensearch-dev.log
   M  logs/opensearch-dev_server.json
   
[master c76ff8a] 2023-07-06 09:50:01
 2 files changed, 2 insertions(+)
   M  logs/opensearch-dev.log
   M  logs/opensearch-dev_server.json
   
[master e940823] 2023-07-06 09:55:01
 2 files changed, 8 insertions(+)
   M  logs/opensearch-dev.log
   M  logs/opensearch-dev_server.json
   
[master c5bb428] 2023-07-06 10:00:01
 3 files changed, 86 insertions(+)
   M  logs/gc.log.15
   M  logs/opensearch-dev.log
   M  logs/opensearch-dev_server.json
   
[master a871fcf] 2023-07-06 10:05:01
 3 files changed, 33 insertions(+)
   M  logs/gc.log.15
   M  logs/opensearch-dev.log
   M  logs/opensearch-dev_server.json
   
[master 00047da] 2023-07-06 10:10:01
 3 files changed, 5 insertions(+)
   M  logs/gc.log.15
   M  logs/opensearch-dev.log
   M  logs/opensearch-dev_server.json
   
[master a7595e5] 2023-07-06 10:15:01
 3 files changed, 30 insertions(+)
   M  logs/gc.log.15
   M  logs/opensearch-dev.log
   M  logs/opensearch-dev_server.json
   
[master 6cc1f7f] 2023-07-06 10:20:01
 3 files changed, 4 insertions(+)
   M  logs/gc.log.15
   M  logs/opensearch-dev.log
   M  logs/opensearch-dev_server.json
   
[master 9a5347c] 2023-07-06 10:25:01
 3 files changed, 9 insertions(+)
   M  logs/gc.log.15
   M  logs/opensearch-dev.log
   M  logs/opensearch-dev_server.json
   
[master 0f683e2] 2023-07-06 10:30:01
 3 files changed, 56 insertions(+)
   M  logs/gc.log.15
   M  logs/opensearch-dev.log
   M  logs/opensearch-dev_server.json
   
[master 8151af1] 2023-07-06 10:35:01
 3 files changed, 3 insertions(+)
   M  logs/gc.log.15
   M  logs/opensearch-dev.log
   M  logs/opensearch-dev_server.json
   
[master c7d38c1] 2023-07-06 10:40:01
 3 files changed, 6 insertions(+)
   M  logs/gc.log.15
   M  logs/opensearch-dev.log
   M  logs/opensearch-dev_server.json
   
[master 31a1dc4] 2023-07-06 10:45:01
 3 files changed, 3 insertions(+)
   M  logs/gc.log.15
   M  logs/opensearch-dev.log
   M  logs/opensearch-dev_server.json
   
[master 6bbe9c1] 2023-07-06 10:50:01
 3 files changed, 32 insertions(+)
   M  logs/gc.log.15
   M  logs/opensearch-dev.log
   M  logs/opensearch-dev_server.json
   
[master 433ea2b] 2023-07-06 10:55:01
 3 files changed, 12 insertions(+)
   M  logs/gc.log.15
   M  logs/opensearch-dev.log
   M  logs/opensearch-dev_server.json
   
[master 522e511] 2023-07-06 11:00:01
 2 files changed, 2 insertions(+)
   M  logs/opensearch-dev.log
   M  logs/opensearch-dev_server.json
   
[master c6b3f17] 2023-07-06 11:05:01
 3 files changed, 58 insertions(+)
   M  logs/gc.log.15
   M  logs/opensearch-dev.log
   M  logs/opensearch-dev_server.json
   
[master 9f9cb85] 2023-07-06 11:10:01
 2 files changed, 2 insertions(+)
   M  logs/opensearch-dev.log
   M  logs/opensearch-dev_server.json
   
[master 6133d3d] 2023-07-06 11:15:01
 2 files changed, 2 insertions(+)
   M  logs/opensearch-dev.log
   M  logs/opensearch-dev_server.json
   
[master e244b35] 2023-07-06 11:20:02
 2 files changed, 2 insertions(+)
   M  logs/opensearch-dev.log
   M  logs/opensearch-dev_server.json
   
[master 2c55492] 2023-07-06 11:25:01
 3 files changed, 32 insertions(+)
   M  logs/gc.log.15
   M  logs/opensearch-dev.log
   M  logs/opensearch-dev_server.json
   
[master 9feddb2] 2023-07-06 11:30:01
 3 files changed, 3 insertions(+)
   M  logs/gc.log.15
   M  logs/opensearch-dev.log
   M  logs/opensearch-dev_server.json
   
