[2023-07-05T01:29:32.108+0000][6941][gc] Using G1
[2023-07-05T01:29:32.246+0000][6941][gc,init] Version: 17.0.7+7 (release)
[2023-07-05T01:29:32.246+0000][6941][gc,init] CPUs: 4 total, 4 available
[2023-07-05T01:29:32.246+0000][6941][gc,init] Memory: 15837M
[2023-07-05T01:29:32.246+0000][6941][gc,init] Large Page Support: Disabled
[2023-07-05T01:29:32.246+0000][6941][gc,init] NUMA Support: Disabled
[2023-07-05T01:29:32.246+0000][6941][gc,init] Compressed Oops: Enabled (32-bit)
[2023-07-05T01:29:32.246+0000][6941][gc,init] Heap Region Size: 1M
[2023-07-05T01:29:32.246+0000][6941][gc,init] Heap Min Capacity: 1G
[2023-07-05T01:29:32.246+0000][6941][gc,init] Heap Initial Capacity: 1G
[2023-07-05T01:29:32.246+0000][6941][gc,init] Heap Max Capacity: 1G
[2023-07-05T01:29:32.246+0000][6941][gc,init] Pre-touch: Enabled
[2023-07-05T01:29:32.246+0000][6941][gc,init] Parallel Workers: 4
[2023-07-05T01:29:32.246+0000][6941][gc,init] Concurrent Workers: 1
[2023-07-05T01:29:32.246+0000][6941][gc,init] Concurrent Refinement Workers: 4
[2023-07-05T01:29:32.246+0000][6941][gc,init] Periodic GC: Disabled
[2023-07-05T01:29:32.246+0000][6941][gc,metaspace] CDS archive(s) mapped at: [0x0000000800000000-0x0000000800be1000-0x0000000800be1000), size 12455936, SharedBaseAddress: 0x0000000800000000, ArchiveRelocationMode: 0.
[2023-07-05T01:29:32.246+0000][6941][gc,metaspace] Compressed class space mapped at: 0x0000000801000000-0x0000000841000000, reserved size: 1073741824
[2023-07-05T01:29:32.246+0000][6941][gc,metaspace] Narrow klass base: 0x0000000800000000, Narrow klass shift: 0, Narrow klass range: 0x100000000
[2023-07-05T01:29:32.592+0000][6941][safepoint   ] Safepoint "ICBufferFull", Time since last: 340482179 ns, Reaching safepoint: 148800 ns, At safepoint: 3723 ns, Total: 152523 ns
[2023-07-05T01:29:32.999+0000][6941][safepoint   ] Safepoint "ICBufferFull", Time since last: 407396063 ns, Reaching safepoint: 163755 ns, At safepoint: 18897 ns, Total: 182652 ns
[2023-07-05T01:29:33.045+0000][6941][gc,start    ] GC(0) Pause Young (Normal) (G1 Evacuation Pause)
[2023-07-05T01:29:33.045+0000][6941][gc,task     ] GC(0) Using 4 workers of 4 for evacuation
[2023-07-05T01:29:33.045+0000][6941][gc,age      ] GC(0) Desired survivor size 3670016 bytes, new threshold 15 (max threshold 15)
[2023-07-05T01:29:33.050+0000][6941][gc,age      ] GC(0) Age table with threshold 15 (max threshold 15)
[2023-07-05T01:29:33.050+0000][6941][gc,age      ] GC(0) - age   1:    7131000 bytes,    7131000 total
[2023-07-05T01:29:33.050+0000][6941][gc,phases   ] GC(0)   Pre Evacuate Collection Set: 0.1ms
[2023-07-05T01:29:33.050+0000][6941][gc,phases   ] GC(0)   Merge Heap Roots: 0.1ms
[2023-07-05T01:29:33.050+0000][6941][gc,phases   ] GC(0)   Evacuate Collection Set: 4.0ms
[2023-07-05T01:29:33.050+0000][6941][gc,phases   ] GC(0)   Post Evacuate Collection Set: 1.0ms
[2023-07-05T01:29:33.050+0000][6941][gc,phases   ] GC(0)   Other: 0.1ms
[2023-07-05T01:29:33.050+0000][6941][gc,heap     ] GC(0) Eden regions: 51->0(44)
[2023-07-05T01:29:33.050+0000][6941][gc,heap     ] GC(0) Survivor regions: 0->7(7)
[2023-07-05T01:29:33.050+0000][6941][gc,heap     ] GC(0) Old regions: 0->1
[2023-07-05T01:29:33.050+0000][6941][gc,heap     ] GC(0) Archive regions: 2->2
[2023-07-05T01:29:33.050+0000][6941][gc,heap     ] GC(0) Humongous regions: 1->1
[2023-07-05T01:29:33.050+0000][6941][gc,metaspace] GC(0) Metaspace: 14002K(14208K)->14002K(14208K) NonClass: 12266K(12352K)->12266K(12352K) Class: 1736K(1856K)->1736K(1856K)
[2023-07-05T01:29:33.050+0000][6941][gc          ] GC(0) Pause Young (Normal) (G1 Evacuation Pause) 52M->9M(1024M) 5.397ms
[2023-07-05T01:29:33.050+0000][6941][gc,cpu      ] GC(0) User=0.01s Sys=0.00s Real=0.00s
[2023-07-05T01:29:33.050+0000][6941][safepoint   ] Safepoint "G1CollectForAllocation", Time since last: 45258440 ns, Reaching safepoint: 94168 ns, At safepoint: 5498623 ns, Total: 5592791 ns
[2023-07-05T01:29:33.216+0000][6941][gc,start    ] GC(1) Pause Young (Normal) (G1 Evacuation Pause)
[2023-07-05T01:29:33.216+0000][6941][gc,task     ] GC(1) Using 4 workers of 4 for evacuation
[2023-07-05T01:29:33.216+0000][6941][gc,age      ] GC(1) Desired survivor size 3670016 bytes, new threshold 1 (max threshold 15)
[2023-07-05T01:29:33.220+0000][6941][gc,age      ] GC(1) Age table with threshold 1 (max threshold 15)
[2023-07-05T01:29:33.220+0000][6941][gc,age      ] GC(1) - age   1:    1078952 bytes,    1078952 total
[2023-07-05T01:29:33.220+0000][6941][gc,phases   ] GC(1)   Pre Evacuate Collection Set: 0.1ms
[2023-07-05T01:29:33.220+0000][6941][gc,phases   ] GC(1)   Merge Heap Roots: 0.0ms
[2023-07-05T01:29:33.220+0000][6941][gc,phases   ] GC(1)   Evacuate Collection Set: 4.1ms
[2023-07-05T01:29:33.220+0000][6941][gc,phases   ] GC(1)   Post Evacuate Collection Set: 0.5ms
[2023-07-05T01:29:33.220+0000][6941][gc,phases   ] GC(1)   Other: 0.1ms
[2023-07-05T01:29:33.220+0000][6941][gc,heap     ] GC(1) Eden regions: 44->0(61)
[2023-07-05T01:29:33.220+0000][6941][gc,heap     ] GC(1) Survivor regions: 7->2(7)
[2023-07-05T01:29:33.220+0000][6941][gc,heap     ] GC(1) Old regions: 1->6
[2023-07-05T01:29:33.221+0000][6941][gc,heap     ] GC(1) Archive regions: 2->2
[2023-07-05T01:29:33.221+0000][6941][gc,heap     ] GC(1) Humongous regions: 1->1
[2023-07-05T01:29:33.221+0000][6941][gc,metaspace] GC(1) Metaspace: 14765K(15040K)->14765K(15040K) NonClass: 12968K(13120K)->12968K(13120K) Class: 1797K(1920K)->1797K(1920K)
[2023-07-05T01:29:33.221+0000][6941][gc          ] GC(1) Pause Young (Normal) (G1 Evacuation Pause) 53M->9M(1024M) 4.922ms
[2023-07-05T01:29:33.221+0000][6941][gc,cpu      ] GC(1) User=0.01s Sys=0.00s Real=0.00s
[2023-07-05T01:29:33.221+0000][6941][safepoint   ] Safepoint "G1CollectForAllocation", Time since last: 165381042 ns, Reaching safepoint: 86728 ns, At safepoint: 4969194 ns, Total: 5055922 ns
[2023-07-05T01:29:33.330+0000][6941][gc,start    ] GC(2) Pause Young (Normal) (G1 Evacuation Pause)
[2023-07-05T01:29:33.330+0000][6941][gc,task     ] GC(2) Using 4 workers of 4 for evacuation
[2023-07-05T01:29:33.330+0000][6941][gc,age      ] GC(2) Desired survivor size 4194304 bytes, new threshold 15 (max threshold 15)
[2023-07-05T01:29:33.332+0000][6941][gc,age      ] GC(2) Age table with threshold 15 (max threshold 15)
[2023-07-05T01:29:33.332+0000][6941][gc,age      ] GC(2) - age   1:     422496 bytes,     422496 total
[2023-07-05T01:29:33.332+0000][6941][gc,age      ] GC(2) - age   2:    1068136 bytes,    1490632 total
[2023-07-05T01:29:33.332+0000][6941][gc,phases   ] GC(2)   Pre Evacuate Collection Set: 0.1ms
[2023-07-05T01:29:33.332+0000][6941][gc,phases   ] GC(2)   Merge Heap Roots: 0.0ms
[2023-07-05T01:29:33.332+0000][6941][gc,phases   ] GC(2)   Evacuate Collection Set: 1.4ms
[2023-07-05T01:29:33.332+0000][6941][gc,phases   ] GC(2)   Post Evacuate Collection Set: 0.3ms
[2023-07-05T01:29:33.332+0000][6941][gc,phases   ] GC(2)   Other: 0.1ms
[2023-07-05T01:29:33.332+0000][6941][gc,heap     ] GC(2) Eden regions: 61->0(612)
[2023-07-05T01:29:33.332+0000][6941][gc,heap     ] GC(2) Survivor regions: 2->2(8)
[2023-07-05T01:29:33.332+0000][6941][gc,heap     ] GC(2) Old regions: 6->6
[2023-07-05T01:29:33.332+0000][6941][gc,heap     ] GC(2) Archive regions: 2->2
[2023-07-05T01:29:33.332+0000][6941][gc,heap     ] GC(2) Humongous regions: 1->1
[2023-07-05T01:29:33.332+0000][6941][gc,metaspace] GC(2) Metaspace: 15877K(16128K)->15877K(16128K) NonClass: 13937K(14080K)->13937K(14080K) Class: 1940K(2048K)->1940K(2048K)
[2023-07-05T01:29:33.332+0000][6941][gc          ] GC(2) Pause Young (Normal) (G1 Evacuation Pause) 70M->9M(1024M) 2.091ms
[2023-07-05T01:29:33.332+0000][6941][gc,cpu      ] GC(2) User=0.01s Sys=0.00s Real=0.01s
[2023-07-05T01:29:33.332+0000][6941][safepoint   ] Safepoint "G1CollectForAllocation", Time since last: 109297082 ns, Reaching safepoint: 104793 ns, At safepoint: 2139811 ns, Total: 2244604 ns
[2023-07-05T01:29:33.946+0000][6941][gc,start    ] GC(3) Pause Young (Normal) (G1 Evacuation Pause)
[2023-07-05T01:29:33.946+0000][6941][gc,task     ] GC(3) Using 4 workers of 4 for evacuation
[2023-07-05T01:29:33.946+0000][6941][gc,age      ] GC(3) Desired survivor size 40370176 bytes, new threshold 15 (max threshold 15)
[2023-07-05T01:29:33.949+0000][6941][gc,age      ] GC(3) Age table with threshold 15 (max threshold 15)
[2023-07-05T01:29:33.950+0000][6941][gc,age      ] GC(3) - age   1:    6952672 bytes,    6952672 total
[2023-07-05T01:29:33.950+0000][6941][gc,age      ] GC(3) - age   2:     263872 bytes,    7216544 total
[2023-07-05T01:29:33.950+0000][6941][gc,age      ] GC(3) - age   3:    1068040 bytes,    8284584 total
[2023-07-05T01:29:33.950+0000][6941][gc,phases   ] GC(3)   Pre Evacuate Collection Set: 0.1ms
[2023-07-05T01:29:33.950+0000][6941][gc,phases   ] GC(3)   Merge Heap Roots: 0.1ms
[2023-07-05T01:29:33.950+0000][6941][gc,phases   ] GC(3)   Evacuate Collection Set: 2.9ms
[2023-07-05T01:29:33.950+0000][6941][gc,phases   ] GC(3)   Post Evacuate Collection Set: 0.6ms
[2023-07-05T01:29:33.950+0000][6941][gc,phases   ] GC(3)   Other: 0.2ms
[2023-07-05T01:29:33.950+0000][6941][gc,heap     ] GC(3) Eden regions: 612->0(605)
[2023-07-05T01:29:33.950+0000][6941][gc,heap     ] GC(3) Survivor regions: 2->9(77)
[2023-07-05T01:29:33.950+0000][6941][gc,heap     ] GC(3) Old regions: 6->6
[2023-07-05T01:29:33.950+0000][6941][gc,heap     ] GC(3) Archive regions: 2->2
[2023-07-05T01:29:33.950+0000][6941][gc,heap     ] GC(3) Humongous regions: 4->1
[2023-07-05T01:29:33.950+0000][6941][gc,metaspace] GC(3) Metaspace: 17154K(17472K)->17154K(17472K) NonClass: 15053K(15232K)->15053K(15232K) Class: 2100K(2240K)->2100K(2240K)
[2023-07-05T01:29:33.950+0000][6941][gc          ] GC(3) Pause Young (Normal) (G1 Evacuation Pause) 624M->15M(1024M) 3.930ms
[2023-07-05T01:29:33.950+0000][6941][gc,cpu      ] GC(3) User=0.01s Sys=0.00s Real=0.00s
[2023-07-05T01:29:33.950+0000][6941][safepoint   ] Safepoint "G1CollectForAllocation", Time since last: 613434671 ns, Reaching safepoint: 140834 ns, At safepoint: 3981039 ns, Total: 4121873 ns
[2023-07-05T01:29:34.097+0000][6941][gc,start    ] GC(4) Pause Young (Concurrent Start) (Metadata GC Threshold)
[2023-07-05T01:29:34.097+0000][6941][gc,task     ] GC(4) Using 4 workers of 4 for evacuation
[2023-07-05T01:29:34.097+0000][6941][gc,age      ] GC(4) Desired survivor size 40370176 bytes, new threshold 15 (max threshold 15)
[2023-07-05T01:29:34.101+0000][6941][gc,age      ] GC(4) Age table with threshold 15 (max threshold 15)
[2023-07-05T01:29:34.101+0000][6941][gc,age      ] GC(4) - age   1:     565696 bytes,     565696 total
[2023-07-05T01:29:34.101+0000][6941][gc,age      ] GC(4) - age   2:    6934680 bytes,    7500376 total
[2023-07-05T01:29:34.101+0000][6941][gc,age      ] GC(4) - age   3:     263784 bytes,    7764160 total
[2023-07-05T01:29:34.101+0000][6941][gc,age      ] GC(4) - age   4:    1067880 bytes,    8832040 total
[2023-07-05T01:29:34.101+0000][6941][gc,phases   ] GC(4)   Pre Evacuate Collection Set: 0.1ms
[2023-07-05T01:29:34.101+0000][6941][gc,phases   ] GC(4)   Merge Heap Roots: 0.1ms
[2023-07-05T01:29:34.101+0000][6941][gc,phases   ] GC(4)   Evacuate Collection Set: 3.2ms
[2023-07-05T01:29:34.101+0000][6941][gc,phases   ] GC(4)   Post Evacuate Collection Set: 0.5ms
[2023-07-05T01:29:34.101+0000][6941][gc,phases   ] GC(4)   Other: 0.2ms
[2023-07-05T01:29:34.101+0000][6941][gc,heap     ] GC(4) Eden regions: 17->0(605)
[2023-07-05T01:29:34.101+0000][6941][gc,heap     ] GC(4) Survivor regions: 9->9(77)
[2023-07-05T01:29:34.101+0000][6941][gc,heap     ] GC(4) Old regions: 6->6
[2023-07-05T01:29:34.101+0000][6941][gc,heap     ] GC(4) Archive regions: 2->2
[2023-07-05T01:29:34.101+0000][6941][gc,heap     ] GC(4) Humongous regions: 1->1
[2023-07-05T01:29:34.101+0000][6941][gc,metaspace] GC(4) Metaspace: 21157K(21504K)->21157K(21504K) NonClass: 18596K(18752K)->18596K(18752K) Class: 2561K(2752K)->2561K(2752K)
[2023-07-05T01:29:34.101+0000][6941][gc          ] GC(4) Pause Young (Concurrent Start) (Metadata GC Threshold) 32M->16M(1024M) 4.215ms
[2023-07-05T01:29:34.101+0000][6941][gc,cpu      ] GC(4) User=0.02s Sys=0.00s Real=0.00s
[2023-07-05T01:29:34.101+0000][6941][gc          ] GC(5) Concurrent Mark Cycle
[2023-07-05T01:29:34.101+0000][6941][gc,marking  ] GC(5) Concurrent Clear Claimed Marks
[2023-07-05T01:29:34.101+0000][6941][safepoint   ] Safepoint "CollectForMetadataAllocation", Time since last: 146792928 ns, Reaching safepoint: 120902 ns, At safepoint: 4320365 ns, Total: 4441267 ns
[2023-07-05T01:29:34.101+0000][6941][gc,marking  ] GC(5) Concurrent Clear Claimed Marks 0.045ms
[2023-07-05T01:29:34.101+0000][6941][gc,marking  ] GC(5) Concurrent Scan Root Regions
[2023-07-05T01:29:34.103+0000][6941][gc,marking  ] GC(5) Concurrent Scan Root Regions 1.952ms
[2023-07-05T01:29:34.103+0000][6941][gc,marking  ] GC(5) Concurrent Mark
[2023-07-05T01:29:34.103+0000][6941][gc,marking  ] GC(5) Concurrent Mark From Roots
[2023-07-05T01:29:34.103+0000][6941][gc,task     ] GC(5) Using 1 workers of 1 for marking
[2023-07-05T01:29:34.109+0000][6941][safepoint   ] Safepoint "CollectForMetadataAllocation", Time since last: 7493749 ns, Reaching safepoint: 74132 ns, At safepoint: 52672 ns, Total: 126804 ns
[2023-07-05T01:29:34.112+0000][6941][gc,marking  ] GC(5) Concurrent Mark From Roots 9.567ms
[2023-07-05T01:29:34.113+0000][6941][gc,marking  ] GC(5) Concurrent Preclean
[2023-07-05T01:29:34.113+0000][6941][gc,marking  ] GC(5) Concurrent Preclean 0.127ms
[2023-07-05T01:29:34.113+0000][6941][gc,start    ] GC(5) Pause Remark
[2023-07-05T01:29:34.115+0000][6941][gc          ] GC(5) Pause Remark 16M->16M(1024M) 2.599ms
[2023-07-05T01:29:34.115+0000][6941][gc,cpu      ] GC(5) User=0.01s Sys=0.00s Real=0.00s
[2023-07-05T01:29:34.115+0000][6941][safepoint   ] Safepoint "G1Concurrent", Time since last: 4158530 ns, Reaching safepoint: 94954 ns, At safepoint: 2652177 ns, Total: 2747131 ns
[2023-07-05T01:29:34.115+0000][6941][gc,marking  ] GC(5) Concurrent Mark 12.526ms
[2023-07-05T01:29:34.115+0000][6941][gc,marking  ] GC(5) Concurrent Rebuild Remembered Sets
[2023-07-05T01:29:34.119+0000][6941][gc,marking  ] GC(5) Concurrent Rebuild Remembered Sets 3.283ms
[2023-07-05T01:29:34.119+0000][6941][gc,start    ] GC(5) Pause Cleanup
[2023-07-05T01:29:34.119+0000][6941][gc          ] GC(5) Pause Cleanup 17M->17M(1024M) 0.106ms
[2023-07-05T01:29:34.119+0000][6941][gc,cpu      ] GC(5) User=0.00s Sys=0.00s Real=0.00s
[2023-07-05T01:29:34.119+0000][6941][safepoint   ] Safepoint "G1Concurrent", Time since last: 3340184 ns, Reaching safepoint: 80530 ns, At safepoint: 134542 ns, Total: 215072 ns
[2023-07-05T01:29:34.119+0000][6941][gc,marking  ] GC(5) Concurrent Cleanup for Next Mark
[2023-07-05T01:29:34.121+0000][6941][gc,marking  ] GC(5) Concurrent Cleanup for Next Mark 1.700ms
[2023-07-05T01:29:34.121+0000][6941][gc          ] GC(5) Concurrent Mark Cycle 19.852ms
[2023-07-05T01:29:34.578+0000][6941][safepoint   ] Safepoint "ICBufferFull", Time since last: 458647387 ns, Reaching safepoint: 191554 ns, At safepoint: 6079 ns, Total: 197633 ns
[2023-07-05T01:29:35.232+0000][6941][gc,start    ] GC(6) Pause Young (Prepare Mixed) (G1 Evacuation Pause)
[2023-07-05T01:29:35.232+0000][6941][gc,task     ] GC(6) Using 4 workers of 4 for evacuation
[2023-07-05T01:29:35.232+0000][6941][gc,age      ] GC(6) Desired survivor size 40370176 bytes, new threshold 15 (max threshold 15)
[2023-07-05T01:29:35.242+0000][6941][gc,age      ] GC(6) Age table with threshold 15 (max threshold 15)
[2023-07-05T01:29:35.242+0000][6941][gc,age      ] GC(6) - age   1:   20031440 bytes,   20031440 total
[2023-07-05T01:29:35.242+0000][6941][gc,age      ] GC(6) - age   2:     545152 bytes,   20576592 total
[2023-07-05T01:29:35.242+0000][6941][gc,age      ] GC(6) - age   3:    6927992 bytes,   27504584 total
[2023-07-05T01:29:35.242+0000][6941][gc,age      ] GC(6) - age   4:     243960 bytes,   27748544 total
[2023-07-05T01:29:35.242+0000][6941][gc,age      ] GC(6) - age   5:    1060696 bytes,   28809240 total
[2023-07-05T01:29:35.242+0000][6941][gc,phases   ] GC(6)   Pre Evacuate Collection Set: 0.1ms
[2023-07-05T01:29:35.242+0000][6941][gc,phases   ] GC(6)   Merge Heap Roots: 0.1ms
[2023-07-05T01:29:35.242+0000][6941][gc,phases   ] GC(6)   Evacuate Collection Set: 8.5ms
[2023-07-05T01:29:35.242+0000][6941][gc,phases   ] GC(6)   Post Evacuate Collection Set: 0.9ms
[2023-07-05T01:29:35.242+0000][6941][gc,phases   ] GC(6)   Other: 0.2ms
[2023-07-05T01:29:35.242+0000][6941][gc,heap     ] GC(6) Eden regions: 605->0(22)
[2023-07-05T01:29:35.242+0000][6941][gc,heap     ] GC(6) Survivor regions: 9->29(77)
[2023-07-05T01:29:35.242+0000][6941][gc,heap     ] GC(6) Old regions: 6->6
[2023-07-05T01:29:35.242+0000][6941][gc,heap     ] GC(6) Archive regions: 2->2
[2023-07-05T01:29:35.242+0000][6941][gc,heap     ] GC(6) Humongous regions: 10->1
[2023-07-05T01:29:35.242+0000][6941][gc,metaspace] GC(6) Metaspace: 31807K(32320K)->31807K(32320K) NonClass: 27947K(28224K)->27947K(28224K) Class: 3860K(4096K)->3860K(4096K)
[2023-07-05T01:29:35.242+0000][6941][gc          ] GC(6) Pause Young (Prepare Mixed) (G1 Evacuation Pause) 630M->36M(1024M) 9.798ms
[2023-07-05T01:29:35.242+0000][6941][gc,cpu      ] GC(6) User=0.04s Sys=0.00s Real=0.01s
[2023-07-05T01:29:35.242+0000][6941][safepoint   ] Safepoint "G1CollectForAllocation", Time since last: 654034123 ns, Reaching safepoint: 100028 ns, At safepoint: 9851443 ns, Total: 9951471 ns
[2023-07-05T01:29:35.260+0000][6941][gc,start    ] GC(7) Pause Young (Mixed) (G1 Evacuation Pause)
[2023-07-05T01:29:35.260+0000][6941][gc,task     ] GC(7) Using 4 workers of 4 for evacuation
[2023-07-05T01:29:35.260+0000][6941][gc,age      ] GC(7) Desired survivor size 3670016 bytes, new threshold 1 (max threshold 15)
[2023-07-05T01:29:35.270+0000][6941][gc,age      ] GC(7) Age table with threshold 1 (max threshold 15)
[2023-07-05T01:29:35.270+0000][6941][gc,age      ] GC(7) - age   1:     248400 bytes,     248400 total
[2023-07-05T01:29:35.270+0000][6941][gc,phases   ] GC(7)   Pre Evacuate Collection Set: 0.1ms
[2023-07-05T01:29:35.270+0000][6941][gc,phases   ] GC(7)   Merge Heap Roots: 0.1ms
[2023-07-05T01:29:35.270+0000][6941][gc,phases   ] GC(7)   Evacuate Collection Set: 8.8ms
[2023-07-05T01:29:35.270+0000][6941][gc,phases   ] GC(7)   Post Evacuate Collection Set: 0.6ms
[2023-07-05T01:29:35.270+0000][6941][gc,phases   ] GC(7)   Other: 0.1ms
[2023-07-05T01:29:35.270+0000][6941][gc,heap     ] GC(7) Eden regions: 22->0(612)
[2023-07-05T01:29:35.270+0000][6941][gc,heap     ] GC(7) Survivor regions: 29->2(7)
[2023-07-05T01:29:35.270+0000][6941][gc,heap     ] GC(7) Old regions: 6->33
[2023-07-05T01:29:35.270+0000][6941][gc,heap     ] GC(7) Archive regions: 2->2
[2023-07-05T01:29:35.270+0000][6941][gc,heap     ] GC(7) Humongous regions: 1->1
[2023-07-05T01:29:35.270+0000][6941][gc,metaspace] GC(7) Metaspace: 31828K(32384K)->31828K(32384K) NonClass: 27965K(28288K)->27965K(28288K) Class: 3863K(4096K)->3863K(4096K)
[2023-07-05T01:29:35.270+0000][6941][gc          ] GC(7) Pause Young (Mixed) (G1 Evacuation Pause) 58M->35M(1024M) 9.686ms
[2023-07-05T01:29:35.270+0000][6941][gc,cpu      ] GC(7) User=0.03s Sys=0.00s Real=0.01s
[2023-07-05T01:29:35.270+0000][6941][safepoint   ] Safepoint "G1CollectForAllocation", Time since last: 18126661 ns, Reaching safepoint: 18195 ns, At safepoint: 9737235 ns, Total: 9755430 ns
[2023-07-05T01:29:35.567+0000][6941][gc,start    ] GC(8) Pause Young (Concurrent Start) (Metadata GC Threshold)
[2023-07-05T01:29:35.567+0000][6941][gc,task     ] GC(8) Using 4 workers of 4 for evacuation
[2023-07-05T01:29:35.567+0000][6941][gc,age      ] GC(8) Desired survivor size 40370176 bytes, new threshold 15 (max threshold 15)
[2023-07-05T01:29:35.570+0000][6941][gc,age      ] GC(8) Age table with threshold 15 (max threshold 15)
[2023-07-05T01:29:35.570+0000][6941][gc,age      ] GC(8) - age   1:    4225424 bytes,    4225424 total
[2023-07-05T01:29:35.570+0000][6941][gc,age      ] GC(8) - age   2:     235752 bytes,    4461176 total
[2023-07-05T01:29:35.570+0000][6941][gc,phases   ] GC(8)   Pre Evacuate Collection Set: 0.1ms
[2023-07-05T01:29:35.570+0000][6941][gc,phases   ] GC(8)   Merge Heap Roots: 0.1ms
[2023-07-05T01:29:35.570+0000][6941][gc,phases   ] GC(8)   Evacuate Collection Set: 1.8ms
[2023-07-05T01:29:35.570+0000][6941][gc,phases   ] GC(8)   Post Evacuate Collection Set: 0.7ms
[2023-07-05T01:29:35.570+0000][6941][gc,phases   ] GC(8)   Other: 0.2ms
[2023-07-05T01:29:35.570+0000][6941][gc,heap     ] GC(8) Eden regions: 128->0(609)
[2023-07-05T01:29:35.570+0000][6941][gc,heap     ] GC(8) Survivor regions: 2->5(77)
[2023-07-05T01:29:35.570+0000][6941][gc,heap     ] GC(8) Old regions: 33->33
[2023-07-05T01:29:35.570+0000][6941][gc,heap     ] GC(8) Archive regions: 2->2
[2023-07-05T01:29:35.570+0000][6941][gc,heap     ] GC(8) Humongous regions: 5->1
[2023-07-05T01:29:35.570+0000][6941][gc,metaspace] GC(8) Metaspace: 35862K(36480K)->35862K(36480K) NonClass: 31529K(31872K)->31529K(31872K) Class: 4333K(4608K)->4333K(4608K)
[2023-07-05T01:29:35.570+0000][6941][gc          ] GC(8) Pause Young (Concurrent Start) (Metadata GC Threshold) 167M->38M(1024M) 2.885ms
[2023-07-05T01:29:35.570+0000][6941][gc,cpu      ] GC(8) User=0.01s Sys=0.00s Real=0.00s
[2023-07-05T01:29:35.570+0000][6941][gc          ] GC(9) Concurrent Mark Cycle
[2023-07-05T01:29:35.570+0000][6941][gc,marking  ] GC(9) Concurrent Clear Claimed Marks
[2023-07-05T01:29:35.570+0000][6941][safepoint   ] Safepoint "CollectForMetadataAllocation", Time since last: 297215621 ns, Reaching safepoint: 131300 ns, At safepoint: 2993591 ns, Total: 3124891 ns
[2023-07-05T01:29:35.570+0000][6941][gc,marking  ] GC(9) Concurrent Clear Claimed Marks 0.042ms
[2023-07-05T01:29:35.570+0000][6941][gc,marking  ] GC(9) Concurrent Scan Root Regions
[2023-07-05T01:29:35.571+0000][6941][gc,marking  ] GC(9) Concurrent Scan Root Regions 0.970ms
[2023-07-05T01:29:35.571+0000][6941][gc,marking  ] GC(9) Concurrent Mark
[2023-07-05T01:29:35.571+0000][6941][gc,marking  ] GC(9) Concurrent Mark From Roots
[2023-07-05T01:29:35.571+0000][6941][gc,task     ] GC(9) Using 1 workers of 1 for marking
[2023-07-05T01:29:35.594+0000][6941][safepoint   ] Safepoint "CollectForMetadataAllocation", Time since last: 24221288 ns, Reaching safepoint: 162979 ns, At safepoint: 49831 ns, Total: 212810 ns
[2023-07-05T01:29:35.604+0000][6941][gc,marking  ] GC(9) Concurrent Mark From Roots 33.132ms
[2023-07-05T01:29:35.604+0000][6941][gc,marking  ] GC(9) Concurrent Preclean
[2023-07-05T01:29:35.604+0000][6941][gc,marking  ] GC(9) Concurrent Preclean 0.214ms
[2023-07-05T01:29:35.605+0000][6941][gc,start    ] GC(9) Pause Remark
[2023-07-05T01:29:35.608+0000][6941][gc          ] GC(9) Pause Remark 41M->41M(1024M) 3.490ms
[2023-07-05T01:29:35.608+0000][6941][gc,cpu      ] GC(9) User=0.01s Sys=0.00s Real=0.00s
[2023-07-05T01:29:35.608+0000][6941][safepoint   ] Safepoint "G1Concurrent", Time since last: 10209892 ns, Reaching safepoint: 111356 ns, At safepoint: 3549367 ns, Total: 3660723 ns
[2023-07-05T01:29:35.608+0000][6941][gc,marking  ] GC(9) Concurrent Mark 37.333ms
[2023-07-05T01:29:35.608+0000][6941][gc,marking  ] GC(9) Concurrent Rebuild Remembered Sets
[2023-07-05T01:29:35.619+0000][6941][gc,marking  ] GC(9) Concurrent Rebuild Remembered Sets 10.837ms
[2023-07-05T01:29:35.619+0000][6941][gc,start    ] GC(9) Pause Cleanup
[2023-07-05T01:29:35.620+0000][6941][gc          ] GC(9) Pause Cleanup 42M->42M(1024M) 0.208ms
[2023-07-05T01:29:35.620+0000][6941][gc,cpu      ] GC(9) User=0.00s Sys=0.00s Real=0.00s
[2023-07-05T01:29:35.620+0000][6941][safepoint   ] Safepoint "G1Concurrent", Time since last: 11008724 ns, Reaching safepoint: 95695 ns, At safepoint: 261542 ns, Total: 357237 ns
[2023-07-05T01:29:35.620+0000][6941][gc,marking  ] GC(9) Concurrent Cleanup for Next Mark
[2023-07-05T01:29:35.622+0000][6941][gc,marking  ] GC(9) Concurrent Cleanup for Next Mark 2.253ms
[2023-07-05T01:29:35.622+0000][6941][gc          ] GC(9) Concurrent Mark Cycle 52.035ms
[2023-07-05T01:29:36.204+0000][6941][safepoint   ] Safepoint "ICBufferFull", Time since last: 584474528 ns, Reaching safepoint: 181931 ns, At safepoint: 6036 ns, Total: 187967 ns
[2023-07-05T01:29:37.193+0000][6941][safepoint   ] Safepoint "ICBufferFull", Time since last: 988738405 ns, Reaching safepoint: 105507 ns, At safepoint: 5356 ns, Total: 110863 ns
[2023-07-05T01:29:37.631+0000][6941][gc,start    ] GC(10) Pause Young (Prepare Mixed) (Metadata GC Threshold)
[2023-07-05T01:29:37.631+0000][6941][gc,task     ] GC(10) Using 4 workers of 4 for evacuation
[2023-07-05T01:29:37.631+0000][6941][gc,age      ] GC(10) Desired survivor size 40370176 bytes, new threshold 15 (max threshold 15)
[2023-07-05T01:29:37.651+0000][6941][gc,age      ] GC(10) Age table with threshold 15 (max threshold 15)
[2023-07-05T01:29:37.651+0000][6941][gc,age      ] GC(10) - age   1:   33918392 bytes,   33918392 total
[2023-07-05T01:29:37.651+0000][6941][gc,age      ] GC(10) - age   2:    4139000 bytes,   38057392 total
[2023-07-05T01:29:37.651+0000][6941][gc,age      ] GC(10) - age   3:     235128 bytes,   38292520 total
[2023-07-05T01:29:37.651+0000][6941][gc,phases   ] GC(10)   Pre Evacuate Collection Set: 0.2ms
[2023-07-05T01:29:37.651+0000][6941][gc,phases   ] GC(10)   Merge Heap Roots: 0.2ms
[2023-07-05T01:29:37.651+0000][6941][gc,phases   ] GC(10)   Evacuate Collection Set: 17.4ms
[2023-07-05T01:29:37.651+0000][6941][gc,phases   ] GC(10)   Post Evacuate Collection Set: 1.3ms
[2023-07-05T01:29:37.651+0000][6941][gc,phases   ] GC(10)   Other: 0.2ms
[2023-07-05T01:29:37.651+0000][6941][gc,heap     ] GC(10) Eden regions: 302->0(13)
[2023-07-05T01:29:37.651+0000][6941][gc,heap     ] GC(10) Survivor regions: 5->38(77)
[2023-07-05T01:29:37.651+0000][6941][gc,heap     ] GC(10) Old regions: 33->33
[2023-07-05T01:29:37.651+0000][6941][gc,heap     ] GC(10) Archive regions: 2->2
[2023-07-05T01:29:37.651+0000][6941][gc,heap     ] GC(10) Humongous regions: 7->1
[2023-07-05T01:29:37.651+0000][6941][gc,metaspace] GC(10) Metaspace: 60767K(61760K)->60767K(61760K) NonClass: 53381K(53952K)->53381K(53952K) Class: 7386K(7808K)->7386K(7808K)
[2023-07-05T01:29:37.651+0000][6941][gc          ] GC(10) Pause Young (Prepare Mixed) (Metadata GC Threshold) 346M->71M(1024M) 19.387ms
[2023-07-05T01:29:37.651+0000][6941][gc,cpu      ] GC(10) User=0.07s Sys=0.00s Real=0.01s
[2023-07-05T01:29:37.651+0000][6941][safepoint   ] Safepoint "CollectForMetadataAllocation", Time since last: 437953510 ns, Reaching safepoint: 195950 ns, At safepoint: 19491130 ns, Total: 19687080 ns
[2023-07-05T01:29:37.672+0000][6941][gc,start    ] GC(11) Pause Young (Mixed) (Metadata GC Threshold)
[2023-07-05T01:29:37.672+0000][6941][gc,task     ] GC(11) Using 4 workers of 4 for evacuation
[2023-07-05T01:29:37.672+0000][6941][gc,age      ] GC(11) Desired survivor size 3670016 bytes, new threshold 1 (max threshold 15)
[2023-07-05T01:29:37.696+0000][6941][gc,age      ] GC(11) Age table with threshold 1 (max threshold 15)
[2023-07-05T01:29:37.696+0000][6941][gc,age      ] GC(11) - age   1:      72088 bytes,      72088 total
[2023-07-05T01:29:37.696+0000][6941][gc,phases   ] GC(11)   Pre Evacuate Collection Set: 0.1ms
[2023-07-05T01:29:37.696+0000][6941][gc,phases   ] GC(11)   Merge Heap Roots: 0.1ms
[2023-07-05T01:29:37.696+0000][6941][gc,phases   ] GC(11)   Evacuate Collection Set: 22.6ms
[2023-07-05T01:29:37.696+0000][6941][gc,phases   ] GC(11)   Post Evacuate Collection Set: 0.8ms
[2023-07-05T01:29:37.696+0000][6941][gc,phases   ] GC(11)   Other: 0.1ms
[2023-07-05T01:29:37.696+0000][6941][gc,heap     ] GC(11) Eden regions: 2->0(601)
[2023-07-05T01:29:37.696+0000][6941][gc,heap     ] GC(11) Survivor regions: 38->2(7)
[2023-07-05T01:29:37.696+0000][6941][gc,heap     ] GC(11) Old regions: 33->69
[2023-07-05T01:29:37.696+0000][6941][gc,heap     ] GC(11) Archive regions: 2->2
[2023-07-05T01:29:37.696+0000][6941][gc,heap     ] GC(11) Humongous regions: 1->1
[2023-07-05T01:29:37.696+0000][6941][gc,metaspace] GC(11) Metaspace: 61068K(62080K)->61068K(62080K) NonClass: 53633K(54208K)->53633K(54208K) Class: 7435K(7872K)->7435K(7872K)
[2023-07-05T01:29:37.696+0000][6941][gc          ] GC(11) Pause Young (Mixed) (Metadata GC Threshold) 73M->71M(1024M) 23.706ms
[2023-07-05T01:29:37.696+0000][6941][gc,cpu      ] GC(11) User=0.09s Sys=0.00s Real=0.02s
[2023-07-05T01:29:37.696+0000][6941][safepoint   ] Safepoint "CollectForMetadataAllocation", Time since last: 21289612 ns, Reaching safepoint: 35141 ns, At safepoint: 23796978 ns, Total: 23832119 ns
[2023-07-05T01:29:37.716+0000][6941][gc,start    ] GC(12) Pause Young (Concurrent Start) (Metadata GC Threshold)
[2023-07-05T01:29:37.716+0000][6941][gc,task     ] GC(12) Using 4 workers of 4 for evacuation
[2023-07-05T01:29:37.716+0000][6941][gc,age      ] GC(12) Desired survivor size 39845888 bytes, new threshold 15 (max threshold 15)
[2023-07-05T01:29:37.717+0000][6941][gc,age      ] GC(12) Age table with threshold 15 (max threshold 15)
[2023-07-05T01:29:37.717+0000][6941][gc,age      ] GC(12) - age   1:      94184 bytes,      94184 total
[2023-07-05T01:29:37.717+0000][6941][gc,age      ] GC(12) - age   2:      67792 bytes,     161976 total
[2023-07-05T01:29:37.717+0000][6941][gc,phases   ] GC(12)   Pre Evacuate Collection Set: 0.1ms
[2023-07-05T01:29:37.717+0000][6941][gc,phases   ] GC(12)   Merge Heap Roots: 0.0ms
[2023-07-05T01:29:37.717+0000][6941][gc,phases   ] GC(12)   Evacuate Collection Set: 0.8ms
[2023-07-05T01:29:37.717+0000][6941][gc,phases   ] GC(12)   Post Evacuate Collection Set: 0.5ms
[2023-07-05T01:29:37.717+0000][6941][gc,phases   ] GC(12)   Other: 0.2ms
[2023-07-05T01:29:37.717+0000][6941][gc,heap     ] GC(12) Eden regions: 2->0(599)
[2023-07-05T01:29:37.717+0000][6941][gc,heap     ] GC(12) Survivor regions: 2->1(76)
[2023-07-05T01:29:37.717+0000][6941][gc,heap     ] GC(12) Old regions: 69->69
[2023-07-05T01:29:37.717+0000][6941][gc,heap     ] GC(12) Archive regions: 2->2
[2023-07-05T01:29:37.717+0000][6941][gc,heap     ] GC(12) Humongous regions: 1->1
[2023-07-05T01:29:37.717+0000][6941][gc,metaspace] GC(12) Metaspace: 61450K(62400K)->61450K(62400K) NonClass: 53955K(54528K)->53955K(54528K) Class: 7495K(7872K)->7495K(7872K)
[2023-07-05T01:29:37.717+0000][6941][gc          ] GC(12) Pause Young (Concurrent Start) (Metadata GC Threshold) 73M->71M(1024M) 1.685ms
[2023-07-05T01:29:37.717+0000][6941][gc,cpu      ] GC(12) User=0.00s Sys=0.00s Real=0.00s
[2023-07-05T01:29:37.717+0000][6941][gc          ] GC(13) Concurrent Mark Cycle
[2023-07-05T01:29:37.717+0000][6941][gc,marking  ] GC(13) Concurrent Clear Claimed Marks
[2023-07-05T01:29:37.717+0000][6941][safepoint   ] Safepoint "CollectForMetadataAllocation", Time since last: 19567706 ns, Reaching safepoint: 31779 ns, At safepoint: 1774354 ns, Total: 1806133 ns
[2023-07-05T01:29:37.717+0000][6941][gc,marking  ] GC(13) Concurrent Clear Claimed Marks 0.049ms
[2023-07-05T01:29:37.717+0000][6941][gc,marking  ] GC(13) Concurrent Scan Root Regions
[2023-07-05T01:29:37.718+0000][6941][gc,marking  ] GC(13) Concurrent Scan Root Regions 0.583ms
[2023-07-05T01:29:37.718+0000][6941][gc,marking  ] GC(13) Concurrent Mark
[2023-07-05T01:29:37.718+0000][6941][gc,marking  ] GC(13) Concurrent Mark From Roots
[2023-07-05T01:29:37.718+0000][6941][gc,task     ] GC(13) Using 1 workers of 1 for marking
[2023-07-05T01:29:37.735+0000][6941][safepoint   ] Safepoint "CollectForMetadataAllocation", Time since last: 17640581 ns, Reaching safepoint: 65808 ns, At safepoint: 54107 ns, Total: 119915 ns
[2023-07-05T01:29:37.751+0000][6941][safepoint   ] Safepoint "CollectForMetadataAllocation", Time since last: 15498494 ns, Reaching safepoint: 49144 ns, At safepoint: 46965 ns, Total: 96109 ns
[2023-07-05T01:29:37.767+0000][6941][safepoint   ] Safepoint "CollectForMetadataAllocation", Time since last: 16090013 ns, Reaching safepoint: 43847 ns, At safepoint: 51110 ns, Total: 94957 ns
[2023-07-05T01:29:37.782+0000][6941][safepoint   ] Safepoint "CollectForMetadataAllocation", Time since last: 15081066 ns, Reaching safepoint: 34591 ns, At safepoint: 52295 ns, Total: 86886 ns
[2023-07-05T01:29:37.797+0000][6941][safepoint   ] Safepoint "CollectForMetadataAllocation", Time since last: 14380219 ns, Reaching safepoint: 56948 ns, At safepoint: 48863 ns, Total: 105811 ns
[2023-07-05T01:29:37.803+0000][6941][gc,marking  ] GC(13) Concurrent Mark From Roots 85.164ms
[2023-07-05T01:29:37.803+0000][6941][gc,marking  ] GC(13) Concurrent Preclean
[2023-07-05T01:29:37.803+0000][6941][gc,marking  ] GC(13) Concurrent Preclean 0.201ms
[2023-07-05T01:29:37.803+0000][6941][gc,start    ] GC(13) Pause Remark
[2023-07-05T01:29:37.807+0000][6941][gc          ] GC(13) Pause Remark 79M->79M(1024M) 3.280ms
[2023-07-05T01:29:37.807+0000][6941][gc,cpu      ] GC(13) User=0.01s Sys=0.00s Real=0.00s
[2023-07-05T01:29:37.807+0000][6941][safepoint   ] Safepoint "G1Concurrent", Time since last: 6868449 ns, Reaching safepoint: 87856 ns, At safepoint: 3345094 ns, Total: 3432950 ns
[2023-07-05T01:29:37.807+0000][6941][gc,marking  ] GC(13) Concurrent Mark 88.893ms
[2023-07-05T01:29:37.807+0000][6941][gc,marking  ] GC(13) Concurrent Rebuild Remembered Sets
[2023-07-05T01:29:37.842+0000][6941][gc,marking  ] GC(13) Concurrent Rebuild Remembered Sets 35.196ms
[2023-07-05T01:29:37.842+0000][6941][gc,start    ] GC(13) Pause Cleanup
[2023-07-05T01:29:37.842+0000][6941][gc          ] GC(13) Pause Cleanup 82M->82M(1024M) 0.126ms
[2023-07-05T01:29:37.842+0000][6941][gc,cpu      ] GC(13) User=0.00s Sys=0.00s Real=0.00s
[2023-07-05T01:29:37.842+0000][6941][safepoint   ] Safepoint "G1Concurrent", Time since last: 35286730 ns, Reaching safepoint: 104254 ns, At safepoint: 155141 ns, Total: 259395 ns
[2023-07-05T01:29:37.842+0000][6941][gc,marking  ] GC(13) Concurrent Cleanup for Next Mark
[2023-07-05T01:29:37.844+0000][6941][gc,marking  ] GC(13) Concurrent Cleanup for Next Mark 1.826ms
[2023-07-05T01:29:37.844+0000][6941][gc          ] GC(13) Concurrent Mark Cycle 126.981ms
[2023-07-05T01:29:38.527+0000][6941][safepoint   ] Safepoint "ICBufferFull", Time since last: 683536682 ns, Reaching safepoint: 715465 ns, At safepoint: 6360 ns, Total: 721825 ns
[2023-07-05T01:29:39.418+0000][6941][safepoint   ] Safepoint "ICBufferFull", Time since last: 890929218 ns, Reaching safepoint: 267914 ns, At safepoint: 7085 ns, Total: 274999 ns
[2023-07-05T01:29:39.760+0000][6941][safepoint   ] Safepoint "ICBufferFull", Time since last: 342290317 ns, Reaching safepoint: 180099 ns, At safepoint: 4729 ns, Total: 184828 ns
[2023-07-05T01:29:40.987+0000][6941][safepoint   ] Safepoint "Cleanup", Time since last: 1226652237 ns, Reaching safepoint: 189858 ns, At safepoint: 6702 ns, Total: 196560 ns
[2023-07-05T01:29:42.988+0000][6941][safepoint   ] Safepoint "Cleanup", Time since last: 2000674453 ns, Reaching safepoint: 42138 ns, At safepoint: 3969 ns, Total: 46107 ns
[2023-07-05T01:29:44.989+0000][6941][safepoint   ] Safepoint "Cleanup", Time since last: 2000685314 ns, Reaching safepoint: 131319 ns, At safepoint: 14489 ns, Total: 145808 ns
[2023-07-05T01:29:45.989+0000][6941][safepoint   ] Safepoint "Cleanup", Time since last: 1000388594 ns, Reaching safepoint: 128387 ns, At safepoint: 13057 ns, Total: 141444 ns
[2023-07-05T01:29:53.991+0000][6941][safepoint   ] Safepoint "Cleanup", Time since last: 8001485809 ns, Reaching safepoint: 119159 ns, At safepoint: 12535 ns, Total: 131694 ns
[2023-07-05T01:30:00.993+0000][6941][safepoint   ] Safepoint "Cleanup", Time since last: 7001791811 ns, Reaching safepoint: 88226 ns, At safepoint: 8785 ns, Total: 97011 ns
[2023-07-05T01:30:02.994+0000][6941][safepoint   ] Safepoint "Cleanup", Time since last: 2000672970 ns, Reaching safepoint: 121163 ns, At safepoint: 12923 ns, Total: 134086 ns
[2023-07-05T01:30:09.889+0000][6941][gc,heap,exit] Heap
[2023-07-05T01:30:09.889+0000][6941][gc,heap,exit]  garbage-first heap   total 1048576K, used 322179K [0x00000000c0000000, 0x0000000100000000)
[2023-07-05T01:30:09.889+0000][6941][gc,heap,exit]   region size 1024K, 245 young (250880K), 1 survivors (1024K)
[2023-07-05T01:30:09.889+0000][6941][gc,heap,exit]  Metaspace       used 102618K, committed 103936K, reserved 1179648K
[2023-07-05T01:30:09.889+0000][6941][gc,heap,exit]   class space    used 13084K, committed 13696K, reserved 1048576K
